#
# There is insufficient memory for the Java Runtime Environment to continue.
# Native memory allocation (mmap) failed to map 93323264 bytes for Failed to commit area from 0x00000000cdb00000 to 0x00000000d3400000 of length 93323264.
# Possible reasons:
#   The system is out of physical RAM or swap space
#   The process is running with CompressedOops enabled, and the Java Heap may be blocking the growth of the native heap
# Possible solutions:
#   Reduce memory load on the system
#   Increase physical memory or swap space
#   Check if swap backing store is full
#   Decrease Java heap size (-Xmx/-Xms)
#   Decrease number of Java threads
#   Decrease Java thread stack sizes (-Xss)
#   Set larger code cache with -XX:ReservedCodeCacheSize=
#   JVM is running with Unscaled Compressed Oops mode in which the Java heap is
#     placed in the first 4GB address space. The Java Heap base address is the
#     maximum limit for the native heap growth. Please use -XX:HeapBaseMinAddress
#     to set the Java Heap base and to place the Java Heap above 4GB virtual address.
# This output file may be truncated or incomplete.
#
#  Out of Memory Error (t:/workspace/open/src/hotspot/os/windows/os_windows.cpp:3269), pid=10440, tid=5220
#
# JRE version: OpenJDK Runtime Environment (11.0.2+9) (build 11.0.2+9)
# Java VM: OpenJDK 64-Bit Server VM (11.0.2+9, mixed mode, tiered, compressed oops, g1 gc, windows-amd64)
# No core dump will be written. Minidumps are not enabled by default on client versions of Windows
#

---------------  S U M M A R Y ------------

Command Line: -Dclassworlds.conf=C:\Maven\apache-maven-3.6.0\bin\..\bin\m2.conf -Dmaven.home=C:\Maven\apache-maven-3.6.0\bin\.. -Dlibrary.jansi.path=C:\Maven\apache-maven-3.6.0\bin\..\lib\jansi-native -Dmaven.multiModuleProjectDirectory=C:\Users\Tomica\eclipse-workspaces\mojeJavaDZ\hw15-0036509087 org.codehaus.plexus.classworlds.launcher.Launcher jetty:run

Host: Intel(R) Pentium(R) CPU  N3540  @ 2.16GHz, 4 cores, 3G,  Windows 10 , 64 bit Build 17134 (10.0.17134.753)
Time: Fri Jun 21 20:26:41 2019 Central European Daylight Time elapsed time: 994 seconds (0d 0h 16m 34s)

---------------  T H R E A D  ---------------

Current thread (0x0000021a7fd84800):  VMThread "VM Thread" [stack: 0x00000053f9a00000,0x00000053f9b00000] [id=5220]

Stack: [0x00000053f9a00000,0x00000053f9b00000]
[error occurred during error reporting (printing stack bounds), id 0xc0000005, EXCEPTION_ACCESS_VIOLATION (0xc0000005) at pc=0x0000021a08240bbe]

Native frames: (J=compiled Java code, j=interpreted, Vv=VM code, C=native code)
V  [jvm.dll+0x63489a]
V  [jvm.dll+0x771f9f]
V  [jvm.dll+0x773648]
V  [jvm.dll+0x773c65]
V  [jvm.dll+0x773c1b]
V  [jvm.dll+0x633fa6]
V  [jvm.dll+0x634368]
C  [ntdll.dll+0x9f7dd]
C  [ntdll.dll+0xd856]
C  [ntdll.dll+0x9e70e]
C  0x0000021a08240bbe

VM_Operation (0x00000053fb6fb2e0): G1CollectForAllocation, mode: safepoint, requested by thread 0x0000021a1b178000


---------------  P R O C E S S  ---------------

Threads class SMR info:
_java_thread_list=0x0000021a22b64a20, length=21, elements={
0x0000021a7ab43800, 0x0000021a7fda9000, 0x0000021a7fdb5000, 0x0000021a7fe0a000,
0x0000021a7fe0b000, 0x0000021a7fe0f000, 0x0000021a7fe18800, 0x0000021a7fe1a800,
0x0000021a17b81800, 0x0000021a17bb9000, 0x0000021a1926c800, 0x0000021a1b8ff800,
0x0000021a1a917800, 0x0000021a1a918800, 0x0000021a1830b800, 0x0000021a1a628800,
0x0000021a1b533800, 0x0000021a1b532000, 0x0000021a1b170000, 0x0000021a1b175000,
0x0000021a1b178000
}

Java Threads: ( => current thread )
  0x0000021a7ab43800 JavaThread "main" [_thread_blocked, id=6444, stack(0x00000053f9400000,0x00000053f9500000)]
  0x0000021a7fda9000 JavaThread "Reference Handler" daemon [_thread_blocked, id=10796, stack(0x00000053f9b00000,0x00000053f9c00000)]
  0x0000021a7fdb5000 JavaThread "Finalizer" daemon [_thread_blocked, id=2212, stack(0x00000053f9c00000,0x00000053f9d00000)]
  0x0000021a7fe0a000 JavaThread "Signal Dispatcher" daemon [_thread_blocked, id=5688, stack(0x00000053f9d00000,0x00000053f9e00000)]
  0x0000021a7fe0b000 JavaThread "Attach Listener" daemon [_thread_blocked, id=8016, stack(0x00000053f9e00000,0x00000053f9f00000)]
  0x0000021a7fe0f000 JavaThread "C2 CompilerThread0" daemon [_thread_blocked, id=1312, stack(0x00000053f9f00000,0x00000053fa000000)]
  0x0000021a7fe18800 JavaThread "C1 CompilerThread0" daemon [_thread_blocked, id=3776, stack(0x00000053fa000000,0x00000053fa100000)]
  0x0000021a7fe1a800 JavaThread "Sweeper thread" daemon [_thread_blocked, id=7468, stack(0x00000053fa100000,0x00000053fa200000)]
  0x0000021a17b81800 JavaThread "Service Thread" daemon [_thread_blocked, id=8332, stack(0x00000053fa200000,0x00000053fa300000)]
  0x0000021a17bb9000 JavaThread "Common-Cleaner" daemon [_thread_blocked, id=5428, stack(0x00000053fa400000,0x00000053fa500000)]
  0x0000021a1926c800 JavaThread "qtp271002555-15" [_thread_blocked, id=7076, stack(0x00000053fa600000,0x00000053fa700000)]
  0x0000021a1b8ff800 JavaThread "qtp271002555-16" [_thread_blocked, id=532, stack(0x00000053fa700000,0x00000053fa800000)]
  0x0000021a1a917800 JavaThread "qtp271002555-19" [_thread_in_native, id=6520, stack(0x00000053faa00000,0x00000053fab00000)]
  0x0000021a1a918800 JavaThread "qtp271002555-20" [_thread_in_native, id=10920, stack(0x00000053fab00000,0x00000053fac00000)]
  0x0000021a1830b800 JavaThread "qtp271002555-22-acceptor-0@645cb620-ServerConnector@2d21d12b{HTTP/1.1,[http/1.1]}{0.0.0.0:8080}" [_thread_in_native, id=2592, stack(0x00000053fad00000,0x00000053fae00000)]
  0x0000021a1a628800 JavaThread "Session-HouseKeeper-1e6060f1" [_thread_blocked, id=1088, stack(0x00000053f9100000,0x00000053f9200000)]
  0x0000021a1b533800 JavaThread "qtp271002555-51" [_thread_blocked, id=6296, stack(0x00000053f9200000,0x00000053f9300000)]
  0x0000021a1b532000 JavaThread "qtp271002555-53" [_thread_blocked, id=9296, stack(0x00000053fb100000,0x00000053fb200000)]
  0x0000021a1b170000 JavaThread "qtp271002555-143" [_thread_blocked, id=1308, stack(0x00000053fa800000,0x00000053fa900000)]
  0x0000021a1b175000 JavaThread "qtp271002555-144" [_thread_blocked, id=4980, stack(0x00000053fac00000,0x00000053fad00000)]
  0x0000021a1b178000 JavaThread "PathWatcher@2898c70d" daemon [_thread_blocked, id=2740, stack(0x00000053fb600000,0x00000053fb700000)]

Other Threads:
=>0x0000021a7fd84800 VMThread "VM Thread" [stack: 0x00000053f9a00000,0x00000053f9b00000] [id=5220]
  0x0000021a17baa800 WatcherThread [stack: 0x00000053fa300000,0x00000053fa400000] [id=7804]
  0x0000021a7ab5b800 GCTaskThread "GC Thread#0" [stack: 0x00000053f9500000,0x00000053f9600000] [id=3964]
  0x0000021a1862c800 GCTaskThread "GC Thread#1" [stack: 0x00000053fa500000,0x00000053fa600000] [id=11028]
  0x0000021a1ae07800 GCTaskThread "GC Thread#2" [stack: 0x00000053fae00000,0x00000053faf00000] [id=4972]
  0x0000021a1aa9a000 GCTaskThread "GC Thread#3" [stack: 0x00000053faf00000,0x00000053fb000000] [id=3332]
  0x0000021a7ab77000 ConcurrentGCThread "G1 Main Marker" [stack: 0x00000053f9600000,0x00000053f9700000] [id=8236]
  0x0000021a7ab79800 ConcurrentGCThread "G1 Conc#0" [stack: 0x00000053f9700000,0x00000053f9800000] [id=11736]
  0x0000021a7abcf800 ConcurrentGCThread "G1 Refine#0" [stack: 0x00000053f9800000,0x00000053f9900000] [id=1444]
  0x0000021a7abd0800 ConcurrentGCThread "G1 Young RemSet Sampling" [stack: 0x00000053f9900000,0x00000053f9a00000] [id=11356]

Threads with active compile tasks:

VM state:at safepoint (normal execution)

VM Mutex/Monitor currently owned by a thread:  ([mutex/lock_event])
[0x0000021a7ab3fb80] Threads_lock - owner thread: 0x0000021a7fd84800
[0x0000021a7ab3f5e0] Heap_lock - owner thread: 0x0000021a1b178000

OutOfMemory and StackOverflow Exception counts:
StackOverflowErrors=1
LinkageErrors=70

Heap address: 0x00000000c1c00000, size: 996 MB, Compressed Oops mode: 32-bit
Narrow klass base: 0x0000000000000000, Narrow klass shift: 3
Compressed class space size: 1073741824 Address: 0x0000000100000000

Heap:
 garbage-first heap   total 286720K, used 121028K [0x00000000c1c00000, 0x0000000100000000)
  region size 1024K, 2 young (2048K), 2 survivors (2048K)
 Metaspace       used 511580K, capacity 516314K, committed 516468K, reserved 1490944K
  class space    used 72925K, capacity 74485K, committed 74496K, reserved 1048576K
Heap Regions: E=young(eden), S=young(survivor), O=old, HS=humongous(starts), HC=humongous(continues), CS=collection set, F=free, A=archive, TAMS=top-at-mark-start (previous, next)
|   0|0x00000000c1c00000, 0x00000000c1d00000, 0x00000000c1d00000|100%| O|  |TAMS 0x00000000c1d00000, 0x00000000c1d00000| Untracked 
|   1|0x00000000c1d00000, 0x00000000c1e00000, 0x00000000c1e00000|100%| O|  |TAMS 0x00000000c1e00000, 0x00000000c1e00000| Untracked 
|   2|0x00000000c1e00000, 0x00000000c1f00000, 0x00000000c1f00000|100%| O|  |TAMS 0x00000000c1f00000, 0x00000000c1f00000| Untracked 
|   3|0x00000000c1f00000, 0x00000000c2000000, 0x00000000c2000000|100%| O|  |TAMS 0x00000000c2000000, 0x00000000c2000000| Untracked 
|   4|0x00000000c2000000, 0x00000000c2100000, 0x00000000c2100000|100%| O|  |TAMS 0x00000000c2100000, 0x00000000c2100000| Untracked 
|   5|0x00000000c2100000, 0x00000000c2200000, 0x00000000c2200000|100%| O|  |TAMS 0x00000000c2200000, 0x00000000c2200000| Untracked 
|   6|0x00000000c2200000, 0x00000000c2300000, 0x00000000c2300000|100%| O|  |TAMS 0x00000000c2300000, 0x00000000c2300000| Untracked 
|   7|0x00000000c2300000, 0x00000000c2400000, 0x00000000c2400000|100%| O|  |TAMS 0x00000000c2400000, 0x00000000c2400000| Untracked 
|   8|0x00000000c2400000, 0x00000000c2500000, 0x00000000c2500000|100%| O|  |TAMS 0x00000000c2500000, 0x00000000c2500000| Untracked 
|   9|0x00000000c2500000, 0x00000000c2600000, 0x00000000c2600000|100%| O|  |TAMS 0x00000000c2600000, 0x00000000c2600000| Untracked 
|  10|0x00000000c2600000, 0x00000000c2700000, 0x00000000c2700000|100%| O|  |TAMS 0x00000000c2700000, 0x00000000c2700000| Untracked 
|  11|0x00000000c2700000, 0x00000000c2800000, 0x00000000c2800000|100%| O|  |TAMS 0x00000000c2800000, 0x00000000c2800000| Untracked 
|  12|0x00000000c2800000, 0x00000000c2900000, 0x00000000c2900000|100%| O|  |TAMS 0x00000000c2900000, 0x00000000c2900000| Untracked 
|  13|0x00000000c2900000, 0x00000000c2a00000, 0x00000000c2a00000|100%| O|  |TAMS 0x00000000c2a00000, 0x00000000c2a00000| Untracked 
|  14|0x00000000c2a00000, 0x00000000c2b00000, 0x00000000c2b00000|100%| O|  |TAMS 0x00000000c2b00000, 0x00000000c2b00000| Untracked 
|  15|0x00000000c2b00000, 0x00000000c2c00000, 0x00000000c2c00000|100%| O|  |TAMS 0x00000000c2c00000, 0x00000000c2c00000| Untracked 
|  16|0x00000000c2c00000, 0x00000000c2d00000, 0x00000000c2d00000|100%|HS|  |TAMS 0x00000000c2d00000, 0x00000000c2d00000| Complete 
|  17|0x00000000c2d00000, 0x00000000c2e00000, 0x00000000c2e00000|100%| O|  |TAMS 0x00000000c2e00000, 0x00000000c2e00000| Untracked 
|  18|0x00000000c2e00000, 0x00000000c2f00000, 0x00000000c2f00000|100%| O|  |TAMS 0x00000000c2f00000, 0x00000000c2f00000| Untracked 
|  19|0x00000000c2f00000, 0x00000000c3000000, 0x00000000c3000000|100%| O|  |TAMS 0x00000000c3000000, 0x00000000c3000000| Untracked 
|  20|0x00000000c3000000, 0x00000000c3100000, 0x00000000c3100000|100%| O|  |TAMS 0x00000000c3100000, 0x00000000c3100000| Untracked 
|  21|0x00000000c3100000, 0x00000000c3200000, 0x00000000c3200000|100%| O|  |TAMS 0x00000000c3200000, 0x00000000c3200000| Untracked 
|  22|0x00000000c3200000, 0x00000000c3300000, 0x00000000c3300000|100%| O|  |TAMS 0x00000000c3300000, 0x00000000c3300000| Untracked 
|  23|0x00000000c3300000, 0x00000000c3400000, 0x00000000c3400000|100%| O|  |TAMS 0x00000000c33c0200, 0x00000000c3400000| Untracked 
|  24|0x00000000c3400000, 0x00000000c3500000, 0x00000000c3500000|100%| O|  |TAMS 0x00000000c3500000, 0x00000000c3500000| Untracked 
|  25|0x00000000c3500000, 0x00000000c3600000, 0x00000000c3600000|100%| O|  |TAMS 0x00000000c3600000, 0x00000000c3600000| Untracked 
|  26|0x00000000c3600000, 0x00000000c3700000, 0x00000000c3700000|100%| O|  |TAMS 0x00000000c3600000, 0x00000000c3700000| Untracked 
|  27|0x00000000c3700000, 0x00000000c3800000, 0x00000000c3800000|100%| O|  |TAMS 0x00000000c3800000, 0x00000000c3800000| Untracked 
|  28|0x00000000c3800000, 0x00000000c3900000, 0x00000000c3900000|100%| O|  |TAMS 0x00000000c3900000, 0x00000000c3900000| Untracked 
|  29|0x00000000c3900000, 0x00000000c3a00000, 0x00000000c3a00000|100%| O|  |TAMS 0x00000000c3a00000, 0x00000000c3a00000| Untracked 
|  30|0x00000000c3a00000, 0x00000000c3b00000, 0x00000000c3b00000|100%| O|  |TAMS 0x00000000c3b00000, 0x00000000c3b00000| Untracked 
|  31|0x00000000c3b00000, 0x00000000c3c00000, 0x00000000c3c00000|100%| O|  |TAMS 0x00000000c3b00000, 0x00000000c3c00000| Untracked 
|  32|0x00000000c3c00000, 0x00000000c3d00000, 0x00000000c3d00000|100%| O|  |TAMS 0x00000000c3d00000, 0x00000000c3d00000| Untracked 
|  33|0x00000000c3d00000, 0x00000000c3e00000, 0x00000000c3e00000|100%| O|  |TAMS 0x00000000c3e00000, 0x00000000c3e00000| Untracked 
|  34|0x00000000c3e00000, 0x00000000c3f00000, 0x00000000c3f00000|100%| O|  |TAMS 0x00000000c3f00000, 0x00000000c3f00000| Untracked 
|  35|0x00000000c3f00000, 0x00000000c4000000, 0x00000000c4000000|100%| O|  |TAMS 0x00000000c4000000, 0x00000000c4000000| Untracked 
|  36|0x00000000c4000000, 0x00000000c4100000, 0x00000000c4100000|100%| O|  |TAMS 0x00000000c4100000, 0x00000000c4100000| Untracked 
|  37|0x00000000c4100000, 0x00000000c4200000, 0x00000000c4200000|100%| O|  |TAMS 0x00000000c4200000, 0x00000000c4200000| Untracked 
|  38|0x00000000c4200000, 0x00000000c4300000, 0x00000000c4300000|100%| O|  |TAMS 0x00000000c4300000, 0x00000000c4300000| Untracked 
|  39|0x00000000c4300000, 0x00000000c4400000, 0x00000000c4400000|100%| O|  |TAMS 0x00000000c4400000, 0x00000000c4400000| Untracked 
|  40|0x00000000c4400000, 0x00000000c4500000, 0x00000000c4500000|100%| O|  |TAMS 0x00000000c4500000, 0x00000000c4500000| Untracked 
|  41|0x00000000c4500000, 0x00000000c4600000, 0x00000000c4600000|100%| O|  |TAMS 0x00000000c4600000, 0x00000000c4600000| Untracked 
|  42|0x00000000c4600000, 0x00000000c4700000, 0x00000000c4700000|100%| O|  |TAMS 0x00000000c4700000, 0x00000000c4700000| Untracked 
|  43|0x00000000c4700000, 0x00000000c4800000, 0x00000000c4800000|100%| O|  |TAMS 0x00000000c4800000, 0x00000000c4800000| Untracked 
|  44|0x00000000c4800000, 0x00000000c4900000, 0x00000000c4900000|100%| O|  |TAMS 0x00000000c4800000, 0x00000000c4900000| Untracked 
|  45|0x00000000c4900000, 0x00000000c4a00000, 0x00000000c4a00000|100%| O|  |TAMS 0x00000000c4900000, 0x00000000c4a00000| Untracked 
|  46|0x00000000c4a00000, 0x00000000c4b00000, 0x00000000c4b00000|100%| O|  |TAMS 0x00000000c4b00000, 0x00000000c4b00000| Untracked 
|  47|0x00000000c4b00000, 0x00000000c4baaa00, 0x00000000c4c00000| 66%| O|  |TAMS 0x00000000c4b00000, 0x00000000c4baaa00| Untracked 
|  48|0x00000000c4c00000, 0x00000000c4d00000, 0x00000000c4d00000|100%| O|  |TAMS 0x00000000c4d00000, 0x00000000c4d00000| Untracked 
|  49|0x00000000c4d00000, 0x00000000c4e00000, 0x00000000c4e00000|100%| O|  |TAMS 0x00000000c4e00000, 0x00000000c4e00000| Untracked 
|  50|0x00000000c4e00000, 0x00000000c4e00000, 0x00000000c4f00000|  0%| F|  |TAMS 0x00000000c4e00000, 0x00000000c4e00000| Untracked 
|  51|0x00000000c4f00000, 0x00000000c4f00000, 0x00000000c5000000|  0%| F|  |TAMS 0x00000000c4f00000, 0x00000000c4f00000| Untracked 
|  52|0x00000000c5000000, 0x00000000c5100000, 0x00000000c5100000|100%| O|  |TAMS 0x00000000c5100000, 0x00000000c5100000| Untracked 
|  53|0x00000000c5100000, 0x00000000c5200000, 0x00000000c5200000|100%| O|  |TAMS 0x00000000c5200000, 0x00000000c5200000| Untracked 
|  54|0x00000000c5200000, 0x00000000c5300000, 0x00000000c5300000|100%| O|  |TAMS 0x00000000c5300000, 0x00000000c5300000| Untracked 
|  55|0x00000000c5300000, 0x00000000c5400000, 0x00000000c5400000|100%| O|  |TAMS 0x00000000c5400000, 0x00000000c5400000| Untracked 
|  56|0x00000000c5400000, 0x00000000c5500000, 0x00000000c5500000|100%| O|  |TAMS 0x00000000c5500000, 0x00000000c5500000| Untracked 
|  57|0x00000000c5500000, 0x00000000c5600000, 0x00000000c5600000|100%| O|  |TAMS 0x00000000c5600000, 0x00000000c5600000| Untracked 
|  58|0x00000000c5600000, 0x00000000c5700000, 0x00000000c5700000|100%| O|  |TAMS 0x00000000c5700000, 0x00000000c5700000| Untracked 
|  59|0x00000000c5700000, 0x00000000c5800000, 0x00000000c5800000|100%| O|  |TAMS 0x00000000c5800000, 0x00000000c5800000| Untracked 
|  60|0x00000000c5800000, 0x00000000c5900000, 0x00000000c5900000|100%| O|  |TAMS 0x00000000c5900000, 0x00000000c5900000| Untracked 
|  61|0x00000000c5900000, 0x00000000c5a00000, 0x00000000c5a00000|100%| O|  |TAMS 0x00000000c5a00000, 0x00000000c5a00000| Untracked 
|  62|0x00000000c5a00000, 0x00000000c5b00000, 0x00000000c5b00000|100%| O|  |TAMS 0x00000000c5b00000, 0x00000000c5b00000| Untracked 
|  63|0x00000000c5b00000, 0x00000000c5c00000, 0x00000000c5c00000|100%| O|  |TAMS 0x00000000c5c00000, 0x00000000c5c00000| Untracked 
|  64|0x00000000c5c00000, 0x00000000c5c00000, 0x00000000c5d00000|  0%| F|  |TAMS 0x00000000c5c00000, 0x00000000c5c00000| Untracked 
|  65|0x00000000c5d00000, 0x00000000c5d00000, 0x00000000c5e00000|  0%| F|  |TAMS 0x00000000c5d00000, 0x00000000c5d00000| Untracked 
|  66|0x00000000c5e00000, 0x00000000c5f00000, 0x00000000c5f00000|100%| O|  |TAMS 0x00000000c5f00000, 0x00000000c5f00000| Untracked 
|  67|0x00000000c5f00000, 0x00000000c6000000, 0x00000000c6000000|100%| O|  |TAMS 0x00000000c6000000, 0x00000000c6000000| Untracked 
|  68|0x00000000c6000000, 0x00000000c6100000, 0x00000000c6100000|100%| O|  |TAMS 0x00000000c6100000, 0x00000000c6100000| Untracked 
|  69|0x00000000c6100000, 0x00000000c6200000, 0x00000000c6200000|100%| O|  |TAMS 0x00000000c6200000, 0x00000000c6200000| Untracked 
|  70|0x00000000c6200000, 0x00000000c6300000, 0x00000000c6300000|100%| O|  |TAMS 0x00000000c6300000, 0x00000000c6300000| Untracked 
|  71|0x00000000c6300000, 0x00000000c6400000, 0x00000000c6400000|100%| O|  |TAMS 0x00000000c6400000, 0x00000000c6400000| Untracked 
|  72|0x00000000c6400000, 0x00000000c6500000, 0x00000000c6500000|100%| O|  |TAMS 0x00000000c6500000, 0x00000000c6500000| Untracked 
|  73|0x00000000c6500000, 0x00000000c6600000, 0x00000000c6600000|100%| O|  |TAMS 0x00000000c6600000, 0x00000000c6600000| Untracked 
|  74|0x00000000c6600000, 0x00000000c6600000, 0x00000000c6700000|  0%| F|  |TAMS 0x00000000c6600000, 0x00000000c6600000| Untracked 
|  75|0x00000000c6700000, 0x00000000c6800000, 0x00000000c6800000|100%| O|  |TAMS 0x00000000c6800000, 0x00000000c6800000| Untracked 
|  76|0x00000000c6800000, 0x00000000c6900000, 0x00000000c6900000|100%| O|  |TAMS 0x00000000c6900000, 0x00000000c6900000| Untracked 
|  77|0x00000000c6900000, 0x00000000c6a00000, 0x00000000c6a00000|100%| O|  |TAMS 0x00000000c6a00000, 0x00000000c6a00000| Untracked 
|  78|0x00000000c6a00000, 0x00000000c6a00000, 0x00000000c6b00000|  0%| F|  |TAMS 0x00000000c6a00000, 0x00000000c6a00000| Untracked 
|  79|0x00000000c6b00000, 0x00000000c6c00000, 0x00000000c6c00000|100%| O|  |TAMS 0x00000000c6c00000, 0x00000000c6c00000| Untracked 
|  80|0x00000000c6c00000, 0x00000000c6d00000, 0x00000000c6d00000|100%| O|  |TAMS 0x00000000c6d00000, 0x00000000c6d00000| Untracked 
|  81|0x00000000c6d00000, 0x00000000c6e00000, 0x00000000c6e00000|100%| O|  |TAMS 0x00000000c6e00000, 0x00000000c6e00000| Untracked 
|  82|0x00000000c6e00000, 0x00000000c6f00000, 0x00000000c6f00000|100%| O|  |TAMS 0x00000000c6f00000, 0x00000000c6f00000| Untracked 
|  83|0x00000000c6f00000, 0x00000000c7000000, 0x00000000c7000000|100%| O|  |TAMS 0x00000000c7000000, 0x00000000c7000000| Untracked 
|  84|0x00000000c7000000, 0x00000000c7100000, 0x00000000c7100000|100%| O|  |TAMS 0x00000000c7100000, 0x00000000c7100000| Untracked 
|  85|0x00000000c7100000, 0x00000000c7100000, 0x00000000c7200000|  0%| F|  |TAMS 0x00000000c7100000, 0x00000000c7100000| Untracked 
|  86|0x00000000c7200000, 0x00000000c7300000, 0x00000000c7300000|100%| O|  |TAMS 0x00000000c7300000, 0x00000000c7300000| Untracked 
|  87|0x00000000c7300000, 0x00000000c7400000, 0x00000000c7400000|100%| O|  |TAMS 0x00000000c7400000, 0x00000000c7400000| Untracked 
|  88|0x00000000c7400000, 0x00000000c7400000, 0x00000000c7500000|  0%| F|  |TAMS 0x00000000c7400000, 0x00000000c7400000| Untracked 
|  89|0x00000000c7500000, 0x00000000c7600000, 0x00000000c7600000|100%| O|  |TAMS 0x00000000c7600000, 0x00000000c7600000| Untracked 
|  90|0x00000000c7600000, 0x00000000c7700000, 0x00000000c7700000|100%| O|  |TAMS 0x00000000c7700000, 0x00000000c7700000| Untracked 
|  91|0x00000000c7700000, 0x00000000c7700000, 0x00000000c7800000|  0%| F|  |TAMS 0x00000000c7700000, 0x00000000c7700000| Untracked 
|  92|0x00000000c7800000, 0x00000000c7900000, 0x00000000c7900000|100%| O|  |TAMS 0x00000000c7900000, 0x00000000c7900000| Untracked 
|  93|0x00000000c7900000, 0x00000000c7900000, 0x00000000c7a00000|  0%| F|  |TAMS 0x00000000c7900000, 0x00000000c7900000| Untracked 
|  94|0x00000000c7a00000, 0x00000000c7a00000, 0x00000000c7b00000|  0%| F|  |TAMS 0x00000000c7a00000, 0x00000000c7a00000| Untracked 
|  95|0x00000000c7b00000, 0x00000000c7c00000, 0x00000000c7c00000|100%| O|  |TAMS 0x00000000c7c00000, 0x00000000c7c00000| Untracked 
|  96|0x00000000c7c00000, 0x00000000c7d00000, 0x00000000c7d00000|100%| O|  |TAMS 0x00000000c7d00000, 0x00000000c7d00000| Untracked 
|  97|0x00000000c7d00000, 0x00000000c7e00000, 0x00000000c7e00000|100%| O|  |TAMS 0x00000000c7e00000, 0x00000000c7e00000| Untracked 
|  98|0x00000000c7e00000, 0x00000000c7f00000, 0x00000000c7f00000|100%| O|  |TAMS 0x00000000c7f00000, 0x00000000c7f00000| Untracked 
|  99|0x00000000c7f00000, 0x00000000c8000000, 0x00000000c8000000|100%| O|  |TAMS 0x00000000c8000000, 0x00000000c8000000| Untracked 
| 100|0x00000000c8000000, 0x00000000c8100000, 0x00000000c8100000|100%| O|  |TAMS 0x00000000c8100000, 0x00000000c8100000| Untracked 
| 101|0x00000000c8100000, 0x00000000c8200000, 0x00000000c8200000|100%| O|  |TAMS 0x00000000c8200000, 0x00000000c8200000| Untracked 
| 102|0x00000000c8200000, 0x00000000c8300000, 0x00000000c8300000|100%| O|  |TAMS 0x00000000c8300000, 0x00000000c8300000| Untracked 
| 103|0x00000000c8300000, 0x00000000c8300000, 0x00000000c8400000|  0%| F|  |TAMS 0x00000000c8300000, 0x00000000c8300000| Untracked 
| 104|0x00000000c8400000, 0x00000000c8400000, 0x00000000c8500000|  0%| F|  |TAMS 0x00000000c8400000, 0x00000000c8400000| Untracked 
| 105|0x00000000c8500000, 0x00000000c8600000, 0x00000000c8600000|100%| O|  |TAMS 0x00000000c8600000, 0x00000000c8600000| Untracked 
| 106|0x00000000c8600000, 0x00000000c8700000, 0x00000000c8700000|100%| O|  |TAMS 0x00000000c8700000, 0x00000000c8700000| Untracked 
| 107|0x00000000c8700000, 0x00000000c8700000, 0x00000000c8800000|  0%| F|  |TAMS 0x00000000c8700000, 0x00000000c8700000| Untracked 
| 108|0x00000000c8800000, 0x00000000c8800000, 0x00000000c8900000|  0%| F|  |TAMS 0x00000000c8800000, 0x00000000c8800000| Untracked 
| 109|0x00000000c8900000, 0x00000000c8a00000, 0x00000000c8a00000|100%| O|  |TAMS 0x00000000c8a00000, 0x00000000c8a00000| Untracked 
| 110|0x00000000c8a00000, 0x00000000c8b00000, 0x00000000c8b00000|100%| O|  |TAMS 0x00000000c8b00000, 0x00000000c8b00000| Untracked 
| 111|0x00000000c8b00000, 0x00000000c8c00000, 0x00000000c8c00000|100%| O|  |TAMS 0x00000000c8c00000, 0x00000000c8c00000| Untracked 
| 112|0x00000000c8c00000, 0x00000000c8c00000, 0x00000000c8d00000|  0%| F|  |TAMS 0x00000000c8c00000, 0x00000000c8c00000| Untracked 
| 113|0x00000000c8d00000, 0x00000000c8d00000, 0x00000000c8e00000|  0%| F|  |TAMS 0x00000000c8d00000, 0x00000000c8d00000| Untracked 
| 114|0x00000000c8e00000, 0x00000000c8e00000, 0x00000000c8f00000|  0%| F|  |TAMS 0x00000000c8e00000, 0x00000000c8e00000| Untracked 
| 115|0x00000000c8f00000, 0x00000000c9000000, 0x00000000c9000000|100%| O|  |TAMS 0x00000000c9000000, 0x00000000c9000000| Untracked 
| 116|0x00000000c9000000, 0x00000000c9100000, 0x00000000c9100000|100%| O|  |TAMS 0x00000000c9100000, 0x00000000c9100000| Untracked 
| 117|0x00000000c9100000, 0x00000000c9200000, 0x00000000c9200000|100%| O|  |TAMS 0x00000000c9200000, 0x00000000c9200000| Untracked 
| 118|0x00000000c9200000, 0x00000000c9300000, 0x00000000c9300000|100%| O|  |TAMS 0x00000000c9300000, 0x00000000c9300000| Untracked 
| 119|0x00000000c9300000, 0x00000000c9400000, 0x00000000c9400000|100%| O|  |TAMS 0x00000000c9400000, 0x00000000c9400000| Untracked 
| 120|0x00000000c9400000, 0x00000000c9500000, 0x00000000c9500000|100%| O|  |TAMS 0x00000000c9500000, 0x00000000c9500000| Untracked 
| 121|0x00000000c9500000, 0x00000000c9600000, 0x00000000c9600000|100%| O|  |TAMS 0x00000000c9600000, 0x00000000c9600000| Untracked 
| 122|0x00000000c9600000, 0x00000000c9700000, 0x00000000c9700000|100%| O|  |TAMS 0x00000000c9700000, 0x00000000c9700000| Untracked 
| 123|0x00000000c9700000, 0x00000000c9800000, 0x00000000c9800000|100%| O|  |TAMS 0x00000000c9800000, 0x00000000c9800000| Untracked 
| 124|0x00000000c9800000, 0x00000000c9900000, 0x00000000c9900000|100%| O|  |TAMS 0x00000000c9900000, 0x00000000c9900000| Untracked 
| 125|0x00000000c9900000, 0x00000000c9a00000, 0x00000000c9a00000|100%| O|  |TAMS 0x00000000c9a00000, 0x00000000c9a00000| Untracked 
| 126|0x00000000c9a00000, 0x00000000c9b00000, 0x00000000c9b00000|100%| O|  |TAMS 0x00000000c9b00000, 0x00000000c9b00000| Untracked 
| 127|0x00000000c9b00000, 0x00000000c9c00000, 0x00000000c9c00000|100%| O|  |TAMS 0x00000000c9c00000, 0x00000000c9c00000| Untracked 
| 128|0x00000000c9c00000, 0x00000000c9d00000, 0x00000000c9d00000|100%| O|  |TAMS 0x00000000c9d00000, 0x00000000c9d00000| Untracked 
| 129|0x00000000c9d00000, 0x00000000c9e00000, 0x00000000c9e00000|100%| O|  |TAMS 0x00000000c9e00000, 0x00000000c9e00000| Untracked 
| 130|0x00000000c9e00000, 0x00000000c9f00000, 0x00000000c9f00000|100%| O|  |TAMS 0x00000000c9f00000, 0x00000000c9f00000| Untracked 
| 131|0x00000000c9f00000, 0x00000000ca000000, 0x00000000ca000000|100%| O|  |TAMS 0x00000000ca000000, 0x00000000ca000000| Untracked 
| 132|0x00000000ca000000, 0x00000000ca100000, 0x00000000ca100000|100%| O|  |TAMS 0x00000000ca100000, 0x00000000ca100000| Untracked 
| 133|0x00000000ca100000, 0x00000000ca200000, 0x00000000ca200000|100%| O|  |TAMS 0x00000000ca200000, 0x00000000ca200000| Untracked 
| 134|0x00000000ca200000, 0x00000000ca300000, 0x00000000ca300000|100%| O|  |TAMS 0x00000000ca300000, 0x00000000ca300000| Untracked 
| 135|0x00000000ca300000, 0x00000000ca300000, 0x00000000ca400000|  0%| F|  |TAMS 0x00000000ca300000, 0x00000000ca300000| Untracked 
| 136|0x00000000ca400000, 0x00000000ca400000, 0x00000000ca500000|  0%| F|  |TAMS 0x00000000ca400000, 0x00000000ca400000| Untracked 
| 137|0x00000000ca500000, 0x00000000ca500000, 0x00000000ca600000|  0%| F|  |TAMS 0x00000000ca500000, 0x00000000ca500000| Untracked 
| 138|0x00000000ca600000, 0x00000000ca600000, 0x00000000ca700000|  0%| F|  |TAMS 0x00000000ca600000, 0x00000000ca600000| Untracked 
| 139|0x00000000ca700000, 0x00000000ca700000, 0x00000000ca800000|  0%| F|  |TAMS 0x00000000ca700000, 0x00000000ca700000| Untracked 
| 140|0x00000000ca800000, 0x00000000ca800000, 0x00000000ca900000|  0%| F|  |TAMS 0x00000000ca800000, 0x00000000ca800000| Untracked 
| 141|0x00000000ca900000, 0x00000000ca900000, 0x00000000caa00000|  0%| F|  |TAMS 0x00000000ca900000, 0x00000000ca900000| Untracked 
| 142|0x00000000caa00000, 0x00000000caa00000, 0x00000000cab00000|  0%| F|  |TAMS 0x00000000caa00000, 0x00000000caa00000| Untracked 
| 143|0x00000000cab00000, 0x00000000cab869e8, 0x00000000cac00000| 52%| S|CS|TAMS 0x00000000cab00000, 0x00000000cab00000| Complete 
| 144|0x00000000cac00000, 0x00000000cad00000, 0x00000000cad00000|100%| S|CS|TAMS 0x00000000cac00000, 0x00000000cac00000| Complete 
| 145|0x00000000cad00000, 0x00000000cad00000, 0x00000000cae00000|  0%| F|  |TAMS 0x00000000cad00000, 0x00000000cad00000| Untracked 
| 146|0x00000000cae00000, 0x00000000cae00000, 0x00000000caf00000|  0%| F|  |TAMS 0x00000000cae00000, 0x00000000cae00000| Untracked 
| 147|0x00000000caf00000, 0x00000000caf00000, 0x00000000cb000000|  0%| F|  |TAMS 0x00000000caf00000, 0x00000000caf00000| Untracked 
| 148|0x00000000cb000000, 0x00000000cb000000, 0x00000000cb100000|  0%| F|  |TAMS 0x00000000cb000000, 0x00000000cb000000| Untracked 
| 149|0x00000000cb100000, 0x00000000cb100000, 0x00000000cb200000|  0%| F|  |TAMS 0x00000000cb100000, 0x00000000cb100000| Untracked 
| 150|0x00000000cb200000, 0x00000000cb200000, 0x00000000cb300000|  0%| F|  |TAMS 0x00000000cb200000, 0x00000000cb200000| Untracked 
| 151|0x00000000cb300000, 0x00000000cb300000, 0x00000000cb400000|  0%| F|  |TAMS 0x00000000cb300000, 0x00000000cb300000| Untracked 
| 152|0x00000000cb400000, 0x00000000cb400000, 0x00000000cb500000|  0%| F|  |TAMS 0x00000000cb400000, 0x00000000cb400000| Untracked 
| 153|0x00000000cb500000, 0x00000000cb500000, 0x00000000cb600000|  0%| F|  |TAMS 0x00000000cb500000, 0x00000000cb500000| Untracked 
| 154|0x00000000cb600000, 0x00000000cb600000, 0x00000000cb700000|  0%| F|  |TAMS 0x00000000cb600000, 0x00000000cb600000| Untracked 
| 155|0x00000000cb700000, 0x00000000cb700000, 0x00000000cb800000|  0%| F|  |TAMS 0x00000000cb700000, 0x00000000cb700000| Untracked 
| 156|0x00000000cb800000, 0x00000000cb800000, 0x00000000cb900000|  0%| F|  |TAMS 0x00000000cb800000, 0x00000000cb800000| Untracked 
| 157|0x00000000cb900000, 0x00000000cb900000, 0x00000000cba00000|  0%| F|  |TAMS 0x00000000cb900000, 0x00000000cb900000| Untracked 
| 158|0x00000000cba00000, 0x00000000cba00000, 0x00000000cbb00000|  0%| F|  |TAMS 0x00000000cba00000, 0x00000000cba00000| Untracked 
| 159|0x00000000cbb00000, 0x00000000cbb00000, 0x00000000cbc00000|  0%| F|  |TAMS 0x00000000cbb00000, 0x00000000cbb00000| Untracked 
| 160|0x00000000cbc00000, 0x00000000cbc00000, 0x00000000cbd00000|  0%| F|  |TAMS 0x00000000cbc00000, 0x00000000cbc00000| Untracked 
| 161|0x00000000cbd00000, 0x00000000cbd00000, 0x00000000cbe00000|  0%| F|  |TAMS 0x00000000cbd00000, 0x00000000cbd00000| Untracked 
| 162|0x00000000cbe00000, 0x00000000cbe00000, 0x00000000cbf00000|  0%| F|  |TAMS 0x00000000cbe00000, 0x00000000cbe00000| Untracked 
| 163|0x00000000cbf00000, 0x00000000cbf00000, 0x00000000cc000000|  0%| F|  |TAMS 0x00000000cbf00000, 0x00000000cbf00000| Untracked 
| 164|0x00000000cc000000, 0x00000000cc000000, 0x00000000cc100000|  0%| F|  |TAMS 0x00000000cc000000, 0x00000000cc000000| Untracked 
| 165|0x00000000cc100000, 0x00000000cc100000, 0x00000000cc200000|  0%| F|  |TAMS 0x00000000cc100000, 0x00000000cc100000| Untracked 
| 166|0x00000000cc200000, 0x00000000cc200000, 0x00000000cc300000|  0%| F|  |TAMS 0x00000000cc200000, 0x00000000cc200000| Untracked 
| 167|0x00000000cc300000, 0x00000000cc300000, 0x00000000cc400000|  0%| F|  |TAMS 0x00000000cc300000, 0x00000000cc300000| Untracked 
| 168|0x00000000cc400000, 0x00000000cc400000, 0x00000000cc500000|  0%| F|  |TAMS 0x00000000cc400000, 0x00000000cc400000| Untracked 
| 169|0x00000000cc500000, 0x00000000cc500000, 0x00000000cc600000|  0%| F|  |TAMS 0x00000000cc500000, 0x00000000cc500000| Untracked 
| 170|0x00000000cc600000, 0x00000000cc600000, 0x00000000cc700000|  0%| F|  |TAMS 0x00000000cc600000, 0x00000000cc600000| Untracked 
| 171|0x00000000cc700000, 0x00000000cc700000, 0x00000000cc800000|  0%| F|  |TAMS 0x00000000cc700000, 0x00000000cc700000| Untracked 
| 172|0x00000000cc800000, 0x00000000cc800000, 0x00000000cc900000|  0%| F|  |TAMS 0x00000000cc800000, 0x00000000cc800000| Untracked 
| 173|0x00000000cc900000, 0x00000000cc900000, 0x00000000cca00000|  0%| F|  |TAMS 0x00000000cc900000, 0x00000000cc900000| Untracked 
| 174|0x00000000cca00000, 0x00000000cca00000, 0x00000000ccb00000|  0%| F|  |TAMS 0x00000000cca00000, 0x00000000cca00000| Untracked 
| 175|0x00000000ccb00000, 0x00000000ccb00000, 0x00000000ccc00000|  0%| F|  |TAMS 0x00000000ccb00000, 0x00000000ccb00000| Untracked 
| 176|0x00000000ccc00000, 0x00000000ccc00000, 0x00000000ccd00000|  0%| F|  |TAMS 0x00000000ccc00000, 0x00000000ccc00000| Untracked 
| 177|0x00000000ccd00000, 0x00000000ccd00000, 0x00000000cce00000|  0%| F|  |TAMS 0x00000000ccd00000, 0x00000000ccd00000| Untracked 
| 178|0x00000000cce00000, 0x00000000cce00000, 0x00000000ccf00000|  0%| F|  |TAMS 0x00000000cce00000, 0x00000000cce00000| Untracked 
| 179|0x00000000ccf00000, 0x00000000ccf00000, 0x00000000cd000000|  0%| F|  |TAMS 0x00000000ccf00000, 0x00000000ccf00000| Untracked 
| 180|0x00000000cd000000, 0x00000000cd000000, 0x00000000cd100000|  0%| F|  |TAMS 0x00000000cd000000, 0x00000000cd000000| Untracked 
| 181|0x00000000cd100000, 0x00000000cd100000, 0x00000000cd200000|  0%| F|  |TAMS 0x00000000cd100000, 0x00000000cd100000| Untracked 
| 182|0x00000000cd200000, 0x00000000cd200000, 0x00000000cd300000|  0%| F|  |TAMS 0x00000000cd200000, 0x00000000cd200000| Untracked 
| 183|0x00000000cd300000, 0x00000000cd300000, 0x00000000cd400000|  0%| F|  |TAMS 0x00000000cd300000, 0x00000000cd300000| Untracked 
| 184|0x00000000cd400000, 0x00000000cd400000, 0x00000000cd500000|  0%| F|  |TAMS 0x00000000cd400000, 0x00000000cd400000| Untracked 
| 185|0x00000000cd500000, 0x00000000cd500000, 0x00000000cd600000|  0%| F|  |TAMS 0x00000000cd500000, 0x00000000cd500000| Untracked 
| 186|0x00000000cd600000, 0x00000000cd600000, 0x00000000cd700000|  0%| F|  |TAMS 0x00000000cd600000, 0x00000000cd600000| Untracked 
| 187|0x00000000cd700000, 0x00000000cd700000, 0x00000000cd800000|  0%| F|  |TAMS 0x00000000cd700000, 0x00000000cd700000| Untracked 
| 188|0x00000000cd800000, 0x00000000cd800000, 0x00000000cd900000|  0%| F|  |TAMS 0x00000000cd800000, 0x00000000cd800000| Untracked 
| 189|0x00000000cd900000, 0x00000000cd900000, 0x00000000cda00000|  0%| F|  |TAMS 0x00000000cd900000, 0x00000000cd900000| Untracked 
| 190|0x00000000cda00000, 0x00000000cda00000, 0x00000000cdb00000|  0%| F|  |TAMS 0x00000000cda00000, 0x00000000cda00000| Untracked 

Card table byte_map: [0x0000021a7b4a0000,0x0000021a7b6a0000] _byte_map_base: 0x0000021a7ae92000

Marking Bits (Prev, Next): (CMBitMap*) 0x0000021a7ab724f8, (CMBitMap*) 0x0000021a7ab72530
 Prev Bits: [0x0000021a7b8a0000, 0x0000021a7c830000)
 Next Bits: [0x0000021a7c830000, 0x0000021a7d7c0000)

Polling page: 0x0000021a7ac30000

Metaspace:

Usage:
  Non-class:    431.47 MB capacity,   428.37 MB (>99%) used,     2.41 MB ( <1%) free+waste,   702.81 KB ( <1%) overhead. 
      Class:     72.74 MB capacity,    71.22 MB ( 98%) used,     1.24 MB (  2%) free+waste,   286.81 KB ( <1%) overhead. 
       Both:    504.21 MB capacity,   499.59 MB (>99%) used,     3.66 MB ( <1%) free+waste,   989.63 KB ( <1%) overhead. 

Virtual space:
  Non-class space:      432.00 MB reserved,     431.61 MB (>99%) committed 
      Class space:        1.00 GB reserved,      72.75 MB (  7%) committed 
             Both:        1.42 GB reserved,     504.36 MB ( 35%) committed 

Chunk freelists:
   Non-Class:  1.88 KB
       Class:  1.38 KB
        Both:  3.25 KB

CodeHeap 'non-profiled nmethods': size=120064Kb used=11441Kb max_used=11441Kb free=108622Kb
 bounds [0x0000021a0fd00000, 0x0000021a10830000, 0x0000021a17240000]
CodeHeap 'profiled nmethods': size=120000Kb used=42827Kb max_used=42827Kb free=77172Kb
 bounds [0x0000021a087d0000, 0x0000021a0b1d0000, 0x0000021a0fd00000]
CodeHeap 'non-nmethods': size=5696Kb used=1305Kb max_used=1378Kb free=4390Kb
 bounds [0x0000021a08240000, 0x0000021a084b0000, 0x0000021a087d0000]
 total_blobs=27296 nmethods=19323 adapters=640
 compilation: enabled
              stopped_count=0, restarted_count=0
 full_count=0

Compilation events (10 events):
Event: 994.149 Thread 0x0000021a7fe18800 22216       1       org.apache.logging.log4j.core.time.MutableInstant::getEpochSecond (5 bytes)
Event: 994.149 Thread 0x0000021a7fe18800 nmethod 22216 0x0000021a1082d490 code [0x0000021a1082d640, 0x0000021a1082d758]
Event: 994.149 Thread 0x0000021a7fe18800 22217       3       org.apache.logging.log4j.core.util.datetime.FastDatePrinter$TwoDigitNumberField::appendTo (14 bytes)
Event: 994.150 Thread 0x0000021a7fe18800 nmethod 22217 0x0000021a0b1c4890 code [0x0000021a0b1c4aa0, 0x0000021a0b1c5050]
Event: 994.150 Thread 0x0000021a7fe18800 22218       3       org.apache.logging.log4j.core.pattern.LiteralPatternConverter::format (37 bytes)
Event: 994.151 Thread 0x0000021a7fe18800 nmethod 22218 0x0000021a0b1c5290 code [0x0000021a0b1c5480, 0x0000021a0b1c5800]
Event: 994.151 Thread 0x0000021a7fe18800 22219       1       org.apache.logging.log4j.core.appender.OutputStreamManager::getByteBuffer (5 bytes)
Event: 994.152 Thread 0x0000021a7fe18800 nmethod 22219 0x0000021a1082d810 code [0x0000021a1082d9c0, 0x0000021a1082dad8]
Event: 994.154 Thread 0x0000021a7fe18800 22220       1       org.apache.logging.log4j.core.time.MutableInstant::getNanoOfSecond (5 bytes)
Event: 994.154 Thread 0x0000021a7fe18800 nmethod 22220 0x0000021a1082db90 code [0x0000021a1082dd40, 0x0000021a1082de58]

GC Heap History (10 events):
Event: 965.508 GC heap after
{Heap after GC invocations=288 (full 0):
 garbage-first heap   total 195584K, used 124035K [0x00000000c1c00000, 0x0000000100000000)
  region size 1024K, 2 young (2048K), 2 survivors (2048K)
 Metaspace       used 491067K, capacity 495657K, committed 495860K, reserved 1474560K
  class space    used 69876K, capacity 71395K, committed 71552K, reserved 1048576K
}
Event: 966.231 GC heap before
{Heap before GC invocations=288 (full 0):
 garbage-first heap   total 195584K, used 131203K [0x00000000c1c00000, 0x0000000100000000)
  region size 1024K, 9 young (9216K), 2 survivors (2048K)
 Metaspace       used 492295K, capacity 496907K, committed 497012K, reserved 1474560K
  class space    used 70097K, capacity 71620K, committed 71680K, reserved 1048576K
}
Event: 966.286 GC heap after
{Heap after GC invocations=289 (full 0):
 garbage-first heap   total 195584K, used 117695K [0x00000000c1c00000, 0x0000000100000000)
  region size 1024K, 2 young (2048K), 2 survivors (2048K)
 Metaspace       used 492295K, capacity 496907K, committed 497012K, reserved 1474560K
  class space    used 70097K, capacity 71620K, committed 71680K, reserved 1048576K
}
Event: 970.366 GC heap before
{Heap before GC invocations=289 (full 0):
 garbage-first heap   total 195584K, used 163775K [0x00000000c1c00000, 0x0000000100000000)
  region size 1024K, 48 young (49152K), 2 survivors (2048K)
 Metaspace       used 498878K, capacity 503478K, committed 503540K, reserved 1480704K
  class space    used 71012K, capacity 72527K, committed 72576K, reserved 1048576K
}
Event: 970.379 GC heap after
{Heap after GC invocations=290 (full 0):
 garbage-first heap   total 195584K, used 119192K [0x00000000c1c00000, 0x0000000100000000)
  region size 1024K, 3 young (3072K), 3 survivors (3072K)
 Metaspace       used 498878K, capacity 503478K, committed 503540K, reserved 1480704K
  class space    used 71012K, capacity 72527K, committed 72576K, reserved 1048576K
}
Event: 973.098 GC heap before
{Heap before GC invocations=291 (full 0):
 garbage-first heap   total 195584K, used 166296K [0x00000000c1c00000, 0x0000000100000000)
  region size 1024K, 49 young (50176K), 3 survivors (3072K)
 Metaspace       used 504514K, capacity 509170K, committed 509300K, reserved 1484800K
  class space    used 71853K, capacity 73372K, committed 73472K, reserved 1048576K
}
Event: 973.131 GC heap after
{Heap after GC invocations=292 (full 0):
 garbage-first heap   total 195584K, used 120286K [0x00000000c1c00000, 0x0000000100000000)
  region size 1024K, 4 young (4096K), 4 survivors (4096K)
 Metaspace       used 504514K, capacity 509170K, committed 509300K, reserved 1484800K
  class space    used 71853K, capacity 73372K, committed 73472K, reserved 1048576K
}
Event: 973.666 GC heap before
{Heap before GC invocations=292 (full 0):
 garbage-first heap   total 195584K, used 125406K [0x00000000c1c00000, 0x0000000100000000)
  region size 1024K, 9 young (9216K), 4 survivors (4096K)
 Metaspace       used 505139K, capacity 509831K, committed 509940K, reserved 1486848K
  class space    used 71961K, capacity 73508K, committed 73600K, reserved 1048576K
}
Event: 973.730 GC heap after
{Heap after GC invocations=293 (full 0):
 garbage-first heap   total 195584K, used 120072K [0x00000000c1c00000, 0x0000000100000000)
  region size 1024K, 1 young (1024K), 1 survivors (1024K)
 Metaspace       used 505139K, capacity 509831K, committed 509940K, reserved 1486848K
  class space    used 71961K, capacity 73508K, committed 73600K, reserved 1048576K
}
Event: 994.158 GC heap before
{Heap before GC invocations=293 (full 0):
 garbage-first heap   total 195584K, used 166152K [0x00000000c1c00000, 0x0000000100000000)
  region size 1024K, 46 young (47104K), 1 survivors (1024K)
 Metaspace       used 511580K, capacity 516314K, committed 516468K, reserved 1490944K
  class space    used 72925K, capacity 74485K, committed 74496K, reserved 1048576K
}

Deoptimization events (10 events):
Event: 575.105 Thread 0x0000021a1b175800 Uncommon trap: reason=speculate_class_check action=maybe_recompile pc=0x0000021a1042c378 method=java.util.AbstractList.rangeCheckForAdd(I)V @ 6 c2
Event: 630.248 Thread 0x0000021a1b175000 Uncommon trap: reason=class_check action=maybe_recompile pc=0x0000021a1049ee28 method=jdk.internal.misc.Unsafe.allocateUninitializedArray(Ljava/lang/Class;I)Ljava/lang/Object; @ 48 c2
Event: 630.250 Thread 0x0000021a1b175000 Uncommon trap: reason=class_check action=maybe_recompile pc=0x0000021a1049ee28 method=jdk.internal.misc.Unsafe.allocateUninitializedArray(Ljava/lang/Class;I)Ljava/lang/Object; @ 48 c2
Event: 630.250 Thread 0x0000021a1b175000 Uncommon trap: reason=class_check action=maybe_recompile pc=0x0000021a1049ee28 method=jdk.internal.misc.Unsafe.allocateUninitializedArray(Ljava/lang/Class;I)Ljava/lang/Object; @ 48 c2
Event: 630.252 Thread 0x0000021a1b175000 Uncommon trap: reason=class_check action=maybe_recompile pc=0x0000021a1049ee28 method=jdk.internal.misc.Unsafe.allocateUninitializedArray(Ljava/lang/Class;I)Ljava/lang/Object; @ 48 c2
Event: 718.122 Thread 0x0000021a1b534800 Uncommon trap: reason=unstable_if action=reinterpret pc=0x0000021a100846a4 method=java.util.concurrent.ConcurrentHashMap.transfer([Ljava/util/concurrent/ConcurrentHashMap$Node;[Ljava/util/concurrent/ConcurrentHashMap$Node;)V @ 259 c2
Event: 905.202 Thread 0x0000021a1b172800 Uncommon trap: reason=bimorphic_or_optimized_type_check action=maybe_recompile pc=0x0000021a1073c434 method=java.util.Collections$UnmodifiableMap$UnmodifiableEntrySet$UnmodifiableEntry.getKey()Ljava/lang/Object; @ 4 c2
Event: 905.202 Thread 0x0000021a1b172800 Uncommon trap: reason=bimorphic_or_optimized_type_check action=maybe_recompile pc=0x0000021a1073c434 method=java.util.Collections$UnmodifiableMap$UnmodifiableEntrySet$UnmodifiableEntry.getKey()Ljava/lang/Object; @ 4 c2
Event: 905.202 Thread 0x0000021a1b172800 Uncommon trap: reason=bimorphic_or_optimized_type_check action=maybe_recompile pc=0x0000021a1073c434 method=java.util.Collections$UnmodifiableMap$UnmodifiableEntrySet$UnmodifiableEntry.getKey()Ljava/lang/Object; @ 4 c2
Event: 905.203 Thread 0x0000021a1b172800 Uncommon trap: reason=bimorphic_or_optimized_type_check action=maybe_recompile pc=0x0000021a1073c434 method=java.util.Collections$UnmodifiableMap$UnmodifiableEntrySet$UnmodifiableEntry.getKey()Ljava/lang/Object; @ 4 c2

Classes redefined (0 events):
No events

Internal exceptions (10 events):
Event: 993.610 Thread 0x0000021a1b177800 Exception <a 'sun/nio/fs/WindowsException'{0x00000000cae89a48}> (0x00000000cae89a48) thrown at [t:/workspace/open/src/hotspot/share/prims/jni.cpp, line 615]
Event: 993.610 Thread 0x0000021a1b177800 Exception <a 'sun/nio/fs/WindowsException'{0x00000000cae89a78}> (0x00000000cae89a78) thrown at [t:/workspace/open/src/hotspot/share/prims/jni.cpp, line 615]
Event: 993.610 Thread 0x0000021a1b177800 Exception <a 'sun/nio/fs/WindowsException'{0x00000000cae89aa8}> (0x00000000cae89aa8) thrown at [t:/workspace/open/src/hotspot/share/prims/jni.cpp, line 615]
Event: 993.610 Thread 0x0000021a1b177800 Exception <a 'sun/nio/fs/WindowsException'{0x00000000cae89ad8}> (0x00000000cae89ad8) thrown at [t:/workspace/open/src/hotspot/share/prims/jni.cpp, line 615]
Event: 993.610 Thread 0x0000021a1b177800 Exception <a 'sun/nio/fs/WindowsException'{0x00000000cae89b08}> (0x00000000cae89b08) thrown at [t:/workspace/open/src/hotspot/share/prims/jni.cpp, line 615]
Event: 993.610 Thread 0x0000021a1b177800 Exception <a 'sun/nio/fs/WindowsException'{0x00000000cae89b38}> (0x00000000cae89b38) thrown at [t:/workspace/open/src/hotspot/share/prims/jni.cpp, line 615]
Event: 993.610 Thread 0x0000021a1b177800 Exception <a 'sun/nio/fs/WindowsException'{0x00000000cae89b68}> (0x00000000cae89b68) thrown at [t:/workspace/open/src/hotspot/share/prims/jni.cpp, line 615]
Event: 994.114 Thread 0x0000021a1b175800 Exception <a 'java/lang/InterruptedException'{0x00000000cad9a2a8}> (0x00000000cad9a2a8) thrown at [t:/workspace/open/src/hotspot/share/runtime/objectMonitor.cpp, line 1635]
Event: 994.114 Thread 0x0000021a1b179000 Exception <a 'java/lang/InterruptedException'{0x00000000cadc8c78}> (0x00000000cadc8c78) thrown at [t:/workspace/open/src/hotspot/share/runtime/objectMonitor.cpp, line 1635]
Event: 994.115 Thread 0x0000021a1b174000 Exception <a 'java/lang/InterruptedException'{0x00000000cb5001b0}> (0x00000000cb5001b0) thrown at [t:/workspace/open/src/hotspot/share/runtime/objectMonitor.cpp, line 1635]

Events (10 events):
Event: 994.135 Executing VM operation: RevokeBias done
Event: 994.137 Executing VM operation: RevokeBias
Event: 994.137 Executing VM operation: RevokeBias done
Event: 994.137 Executing VM operation: RevokeBias
Event: 994.137 Executing VM operation: RevokeBias done
Event: 994.148 Executing VM operation: RevokeBias
Event: 994.148 Executing VM operation: RevokeBias done
Event: 994.148 Executing VM operation: RevokeBias
Event: 994.148 Executing VM operation: RevokeBias done
Event: 994.158 Executing VM operation: G1CollectForAllocation


Dynamic libraries:
0x00007ff7ab120000 - 0x00007ff7ab165000 	C:\Program Files (x86)\Java\jdk-11.0.2\bin\java.exe
0x00007ffd3e7c0000 - 0x00007ffd3e9a1000 	C:\WINDOWS\SYSTEM32\ntdll.dll
0x00007ffd3c600000 - 0x00007ffd3c6b1000 	C:\WINDOWS\System32\KERNEL32.DLL
0x00007ffd3b0e0000 - 0x00007ffd3b353000 	C:\WINDOWS\System32\KERNELBASE.dll
0x00007ffd3e490000 - 0x00007ffd3e620000 	C:\WINDOWS\System32\USER32.dll
0x00007ffd3ab90000 - 0x00007ffd3abb0000 	C:\WINDOWS\System32\win32u.dll
0x00007ffd3c5a0000 - 0x00007ffd3c5c8000 	C:\WINDOWS\System32\GDI32.dll
0x00007ffd3abb0000 - 0x00007ffd3ad41000 	C:\WINDOWS\System32\gdi32full.dll
0x00007ffd3ae50000 - 0x00007ffd3aeef000 	C:\WINDOWS\System32\msvcp_win.dll
0x00007ffd3ad50000 - 0x00007ffd3ae48000 	C:\WINDOWS\System32\ucrtbase.dll
0x00007ffd29d80000 - 0x00007ffd29fe9000 	C:\WINDOWS\WinSxS\amd64_microsoft.windows.common-controls_6595b64144ccf1df_6.0.17134.829_none_fb46a5473061b9d5\COMCTL32.dll
0x00007ffd3c490000 - 0x00007ffd3c52e000 	C:\WINDOWS\System32\msvcrt.dll
0x00007ffd3c8a0000 - 0x00007ffd3cbc2000 	C:\WINDOWS\System32\combase.dll
0x00007ffd3e360000 - 0x00007ffd3e484000 	C:\WINDOWS\System32\RPCRT4.dll
0x00007ffd3bb20000 - 0x00007ffd3bb9a000 	C:\WINDOWS\System32\bcryptPrimitives.dll
0x00007ffd3c5d0000 - 0x00007ffd3c5fd000 	C:\WINDOWS\System32\IMM32.DLL
0x00007ffd2e2b0000 - 0x00007ffd2e2c6000 	C:\Program Files (x86)\Java\jdk-11.0.2\bin\vcruntime140.dll
0x00007ffd282f0000 - 0x00007ffd2839a000 	C:\Program Files (x86)\Java\jdk-11.0.2\bin\msvcp140.dll
0x00007ffd05fe0000 - 0x00007ffd06b03000 	C:\Program Files (x86)\Java\jdk-11.0.2\bin\server\jvm.dll
0x00007ffd3bd00000 - 0x00007ffd3bda1000 	C:\WINDOWS\System32\ADVAPI32.dll
0x00007ffd3cbd0000 - 0x00007ffd3cc2b000 	C:\WINDOWS\System32\sechost.dll
0x00007ffd3c030000 - 0x00007ffd3c038000 	C:\WINDOWS\System32\PSAPI.DLL
0x00007ffd3a3c0000 - 0x00007ffd3a3c9000 	C:\WINDOWS\SYSTEM32\WSOCK32.dll
0x00007ffd375c0000 - 0x00007ffd375e3000 	C:\WINDOWS\SYSTEM32\WINMM.dll
0x00007ffd358f0000 - 0x00007ffd358fa000 	C:\WINDOWS\SYSTEM32\VERSION.dll
0x00007ffd3ceb0000 - 0x00007ffd3cf1c000 	C:\WINDOWS\System32\WS2_32.dll
0x00007ffd37590000 - 0x00007ffd375ba000 	C:\WINDOWS\SYSTEM32\winmmbase.dll
0x00007ffd3b360000 - 0x00007ffd3b3a9000 	C:\WINDOWS\System32\cfgmgr32.dll
0x00007ffd3ab70000 - 0x00007ffd3ab81000 	C:\WINDOWS\System32\kernel.appcore.dll
0x00007ffd34370000 - 0x00007ffd34381000 	C:\Program Files (x86)\Java\jdk-11.0.2\bin\verify.dll
0x00007ffd3a5e0000 - 0x00007ffd3a7a9000 	C:\WINDOWS\SYSTEM32\DBGHELP.DLL
0x00007ffd3a270000 - 0x00007ffd3a299000 	C:\WINDOWS\SYSTEM32\dbgcore.DLL
0x00007ffd2e310000 - 0x00007ffd2e338000 	C:\Program Files (x86)\Java\jdk-11.0.2\bin\java.dll
0x00007ffd2e2f0000 - 0x00007ffd2e306000 	C:\Program Files (x86)\Java\jdk-11.0.2\bin\zip.dll
0x00007ffd30af0000 - 0x00007ffd30afa000 	C:\Program Files (x86)\Java\jdk-11.0.2\bin\jimage.dll
0x00007ffd3cf20000 - 0x00007ffd3e360000 	C:\WINDOWS\System32\SHELL32.dll
0x00007ffd3bc50000 - 0x00007ffd3bcf9000 	C:\WINDOWS\System32\shcore.dll
0x00007ffd3b3b0000 - 0x00007ffd3babd000 	C:\WINDOWS\System32\windows.storage.dll
0x00007ffd3cc90000 - 0x00007ffd3cce1000 	C:\WINDOWS\System32\shlwapi.dll
0x00007ffd3aad0000 - 0x00007ffd3aaef000 	C:\WINDOWS\System32\profapi.dll
0x00007ffd3aaf0000 - 0x00007ffd3ab3c000 	C:\WINDOWS\System32\powrprof.dll
0x00007ffd3ab40000 - 0x00007ffd3ab4a000 	C:\WINDOWS\System32\FLTLIB.DLL
0x00007ffd2e230000 - 0x00007ffd2e249000 	C:\Program Files (x86)\Java\jdk-11.0.2\bin\net.dll
0x00007ffd316b0000 - 0x00007ffd3178d000 	C:\WINDOWS\SYSTEM32\WINHTTP.dll
0x00007ffd2ee40000 - 0x00007ffd2f009000 	C:\WINDOWS\SYSTEM32\urlmon.dll
0x00007ffd2f420000 - 0x00007ffd2f6c6000 	C:\WINDOWS\SYSTEM32\iertutil.dll
0x00007ffd3a140000 - 0x00007ffd3a14b000 	C:\WINDOWS\SYSTEM32\CRYPTBASE.DLL
0x00007ffd39f90000 - 0x00007ffd39ff6000 	C:\WINDOWS\system32\mswsock.dll
0x00007ffd2e210000 - 0x00007ffd2e223000 	C:\Program Files (x86)\Java\jdk-11.0.2\bin\nio.dll
0x00007ffd37400000 - 0x00007ffd3740a000 	C:\Maven\apache-maven-3.6.0\lib\jansi-native\windows64\jansi.dll
0x00007ffd30970000 - 0x00007ffd30979000 	C:\Program Files (x86)\Java\jdk-11.0.2\bin\management.dll
0x00007ffd2e2a0000 - 0x00007ffd2e2ac000 	C:\Program Files (x86)\Java\jdk-11.0.2\bin\management_ext.dll
0x00007ffd0a030000 - 0x00007ffd0a046000 	C:\WINDOWS\system32\napinsp.dll
0x00007ffd0a050000 - 0x00007ffd0a06a000 	C:\WINDOWS\system32\pnrpnsp.dll
0x00007ffd36f30000 - 0x00007ffd36f49000 	C:\WINDOWS\system32\NLAapi.dll
0x00007ffd39d60000 - 0x00007ffd39e1e000 	C:\WINDOWS\SYSTEM32\DNSAPI.dll
0x00007ffd3c020000 - 0x00007ffd3c028000 	C:\WINDOWS\System32\NSI.dll
0x00007ffd39d20000 - 0x00007ffd39d58000 	C:\WINDOWS\SYSTEM32\IPHLPAPI.DLL
0x00007ffd0f950000 - 0x00007ffd0f95e000 	C:\WINDOWS\System32\winrnr.dll
0x00007ffd31ce0000 - 0x00007ffd31cea000 	C:\Windows\System32\rasadhlp.dll
0x00007ffd315e0000 - 0x00007ffd31652000 	C:\WINDOWS\System32\fwpuclnt.dll
0x00007ffd3a5b0000 - 0x00007ffd3a5d5000 	C:\WINDOWS\SYSTEM32\bcrypt.dll
0x00007ffd3a590000 - 0x00007ffd3a5a7000 	C:\WINDOWS\SYSTEM32\CRYPTSP.dll
0x00007ffd39b80000 - 0x00007ffd39bb3000 	C:\WINDOWS\system32\rsaenh.dll
0x00007ffd3aa00000 - 0x00007ffd3aa28000 	C:\WINDOWS\SYSTEM32\USERENV.dll
0x00007ffd34cb0000 - 0x00007ffd34cc6000 	C:\WINDOWS\SYSTEM32\dhcpcsvc6.DLL
0x00007ffd34c90000 - 0x00007ffd34caa000 	C:\WINDOWS\SYSTEM32\dhcpcsvc.DLL
0x00007ffd28f20000 - 0x00007ffd28f47000 	C:\Program Files (x86)\Java\jdk-11.0.2\bin\sunec.dll
0x00007ffd343a0000 - 0x00007ffd343ad000 	C:\Program Files (x86)\Java\jdk-11.0.2\bin\sunmscapi.dll
0x00007ffd3aef0000 - 0x00007ffd3b0d2000 	C:\WINDOWS\System32\CRYPT32.dll
0x00007ffd3ab50000 - 0x00007ffd3ab62000 	C:\WINDOWS\System32\MSASN1.dll
0x00007ffd3a240000 - 0x00007ffd3a266000 	C:\WINDOWS\SYSTEM32\ncrypt.dll
0x00007ffd3a200000 - 0x00007ffd3a236000 	C:\WINDOWS\SYSTEM32\NTASN1.dll

dbghelp: loaded successfully - version: 4.0.5 - missing functions: none
symbol engine: initialized successfully - sym options: 0x614 - pdb path: .;C:\Program Files (x86)\Java\jdk-11.0.2\bin;C:\WINDOWS\SYSTEM32;C:\WINDOWS\WinSxS\amd64_microsoft.windows.common-controls_6595b64144ccf1df_6.0.17134.829_none_fb46a5473061b9d5;C:\Program Files (x86)\Java\jdk-11.0.2\bin\server;C:\Maven\apache-maven-3.6.0\lib\jansi-native\windows64

VM Arguments:
jvm_args: -Dclassworlds.conf=C:\Maven\apache-maven-3.6.0\bin\..\bin\m2.conf -Dmaven.home=C:\Maven\apache-maven-3.6.0\bin\.. -Dlibrary.jansi.path=C:\Maven\apache-maven-3.6.0\bin\..\lib\jansi-native -Dmaven.multiModuleProjectDirectory=C:\Users\Tomica\eclipse-workspaces\mojeJavaDZ\hw15-0036509087 
java_command: org.codehaus.plexus.classworlds.launcher.Launcher jetty:run
java_class_path (initial): C:\Maven\apache-maven-3.6.0\bin\..\boot\plexus-classworlds-2.5.2.jar
Launcher Type: SUN_STANDARD

[Global flags]
     intx CICompilerCount                          = 3                                         {product} {ergonomic}
     uint ConcGCThreads                            = 1                                         {product} {ergonomic}
     uint G1ConcRefinementThreads                  = 4                                         {product} {ergonomic}
   size_t G1HeapRegionSize                         = 1048576                                   {product} {ergonomic}
    uintx GCDrainStackTargetSize                   = 64                                        {product} {ergonomic}
   size_t InitialHeapSize                          = 67108864                                  {product} {ergonomic}
   size_t MarkStackSize                            = 4194304                                   {product} {ergonomic}
   size_t MaxHeapSize                              = 1044381696                                {product} {ergonomic}
   size_t MaxNewSize                               = 625999872                                 {product} {ergonomic}
   size_t MinHeapDeltaBytes                        = 1048576                                   {product} {ergonomic}
    uintx NonNMethodCodeHeapSize                   = 5830092                                {pd product} {ergonomic}
    uintx NonProfiledCodeHeapSize                  = 122914074                              {pd product} {ergonomic}
    uintx ProfiledCodeHeapSize                     = 122914074                              {pd product} {ergonomic}
    uintx ReservedCodeCacheSize                    = 251658240                              {pd product} {ergonomic}
     bool SegmentedCodeCache                       = true                                      {product} {ergonomic}
     bool UseCompressedClassPointers               = true                                 {lp64_product} {ergonomic}
     bool UseCompressedOops                        = true                                 {lp64_product} {ergonomic}
     bool UseG1GC                                  = true                                      {product} {ergonomic}
     bool UseLargePagesIndividualAllocation        = false                                  {pd product} {ergonomic}

Logging:
Log output configuration:
 #0: stdout all=warning uptime,level,tags
 #1: stderr all=off uptime,level,tags

Environment Variables:
JAVA_HOME=C:\Program Files (x86)\Java\jdk-11.0.2
PATH=C:\Program Files (x86)\Java\jdk-11.0.2\bin;C:\Program Files (x86)\Common Files\Oracle\Java\javapath;C:\ProgramData\Oracle\Java\javapath;C:\Program Files (x86)\Lenovo\FusionEngine;C:\Program Files (x86)\Intel\TXE Components\TCS\;C:\Program Files\Intel\TXE Components\TCS\;C:\WINDOWS\system32;C:\WINDOWS;C:\WINDOWS\System32\Wbem;C:\WINDOWS\System32\WindowsPowerShell\v1.0\;C:\Program Files\Intel\WiFi\bin\;C:\Program Files\Common Files\Intel\WirelessCommon\;C:\Program Files (x86)\Common Files\lenovo\easyplussdk\bin;C:\Program Files (x86)\QuickTime\QTSystem\;C:\MinGW\bin\;C:\Program Files (x86)\Notepad++;C:\Program Files (x86)\Windows Live\Shared;C:\Program Files\dotnet\;C:\WINDOWS\System32\OpenSSH\;C:\Program Files\Git\cmd;C:\Maven\apache-maven-3.6.0\bin;
USERNAME=Tomica
OS=Windows_NT
PROCESSOR_IDENTIFIER=Intel64 Family 6 Model 55 Stepping 8, GenuineIntel



---------------  S Y S T E M  ---------------

OS: Windows 10 , 64 bit Build 17134 (10.0.17134.753)

CPU:total 4 (initial active 4) (4 cores per cpu, 1 threads per core) family 6 model 55 stepping 8, cmov, cx8, fxsr, mmx, sse, sse2, sse3, ssse3, sse4.1, sse4.2, popcnt, clmul, erms, 3dnowpref, tsc, tscinvbit

Memory: 4k page, system-wide physical 3979M (261M free)
TotalPageFile size 5372M (AvailPageFile size 44M)
current process WorkingSet (physical memory assigned to process): 856M, peak: 856M
current process commit charge ("private bytes"): 888M, peak: 977M

vm_info: OpenJDK 64-Bit Server VM (11.0.2+9) for windows-amd64 JRE (11.0.2+9), built on Jan 18 2019 05:23:22 by "mach5one" with MS VC++ 15.5 (VS2017)

END.
