#
# There is insufficient memory for the Java Runtime Environment to continue.
# Native memory allocation (mmap) failed to map 30408704 bytes for Failed to commit area from 0x00000000c7e00000 to 0x00000000c9b00000 of length 30408704.
# Possible reasons:
#   The system is out of physical RAM or swap space
#   The process is running with CompressedOops enabled, and the Java Heap may be blocking the growth of the native heap
# Possible solutions:
#   Reduce memory load on the system
#   Increase physical memory or swap space
#   Check if swap backing store is full
#   Decrease Java heap size (-Xmx/-Xms)
#   Decrease number of Java threads
#   Decrease Java thread stack sizes (-Xss)
#   Set larger code cache with -XX:ReservedCodeCacheSize=
#   JVM is running with Unscaled Compressed Oops mode in which the Java heap is
#     placed in the first 4GB address space. The Java Heap base address is the
#     maximum limit for the native heap growth. Please use -XX:HeapBaseMinAddress
#     to set the Java Heap base and to place the Java Heap above 4GB virtual address.
# This output file may be truncated or incomplete.
#
#  Out of Memory Error (t:/workspace/open/src/hotspot/os/windows/os_windows.cpp:3269), pid=4436, tid=9032
#
# JRE version: OpenJDK Runtime Environment (11.0.2+9) (build 11.0.2+9)
# Java VM: OpenJDK 64-Bit Server VM (11.0.2+9, mixed mode, tiered, compressed oops, g1 gc, windows-amd64)
# No core dump will be written. Minidumps are not enabled by default on client versions of Windows
#

---------------  S U M M A R Y ------------

Command Line: -Dclassworlds.conf=C:\Maven\apache-maven-3.6.0\bin\..\bin\m2.conf -Dmaven.home=C:\Maven\apache-maven-3.6.0\bin\.. -Dlibrary.jansi.path=C:\Maven\apache-maven-3.6.0\bin\..\lib\jansi-native -Dmaven.multiModuleProjectDirectory=C:\Users\Tomica\eclipse-workspaces\mojeJavaDZ\hw15-0036509087 org.codehaus.plexus.classworlds.launcher.Launcher jetty:run

Host: Intel(R) Pentium(R) CPU  N3540  @ 2.16GHz, 4 cores, 3G,  Windows 10 , 64 bit Build 17134 (10.0.17134.753)
Time: Fri Jun 21 21:31:15 2019 Central European Daylight Time elapsed time: 999 seconds (0d 0h 16m 39s)

---------------  T H R E A D  ---------------

Current thread (0x000002827f6c7800):  VMThread "VM Thread" [stack: 0x000000f247e00000,0x000000f247f00000] [id=9032]

Stack: [0x000000f247e00000,0x000000f247f00000]
[error occurred during error reporting (printing stack bounds), id 0xc0000005, EXCEPTION_ACCESS_VIOLATION (0xc0000005) at pc=0x0000028200000bbe]

Native frames: (J=compiled Java code, j=interpreted, Vv=VM code, C=native code)
V  [jvm.dll+0x63489a]
V  [jvm.dll+0x771f9f]
V  [jvm.dll+0x773648]
V  [jvm.dll+0x773c65]
V  [jvm.dll+0x773c1b]
V  [jvm.dll+0x633fa6]
V  [jvm.dll+0x634368]
C  [ntdll.dll+0x9f7dd]
C  [ntdll.dll+0xd856]
C  [ntdll.dll+0x9e70e]
C  0x0000028200000bbe

VM_Operation (0x000000f2499fb270): G1CollectForAllocation, mode: safepoint, requested by thread 0x00000282140b6000


---------------  P R O C E S S  ---------------

Threads class SMR info:
_java_thread_list=0x00000282113d17c0, length=22, elements={
0x0000028274213000, 0x000002827f6cc800, 0x000002827f6f6000, 0x000002827f74d000,
0x000002827f74f000, 0x000002827f751000, 0x000002827f762000, 0x000002827f763800,
0x000002827f9b0800, 0x000002827f9bb800, 0x0000028212292800, 0x000002821169e800,
0x0000028212286800, 0x0000028212287800, 0x00000282121e5000, 0x000002821108e000,
0x0000028211a34800, 0x000002821108e800, 0x0000028212014800, 0x00000282140b6000,
0x00000282140b3800, 0x00000282148fc000
}

Java Threads: ( => current thread )
  0x0000028274213000 JavaThread "main" [_thread_blocked, id=1176, stack(0x000000f247800000,0x000000f247900000)]
  0x000002827f6cc800 JavaThread "Reference Handler" daemon [_thread_blocked, id=5668, stack(0x000000f247f00000,0x000000f248000000)]
  0x000002827f6f6000 JavaThread "Finalizer" daemon [_thread_blocked, id=9696, stack(0x000000f248000000,0x000000f248100000)]
  0x000002827f74d000 JavaThread "Signal Dispatcher" daemon [_thread_blocked, id=11500, stack(0x000000f248100000,0x000000f248200000)]
  0x000002827f74f000 JavaThread "Attach Listener" daemon [_thread_blocked, id=8132, stack(0x000000f248200000,0x000000f248300000)]
  0x000002827f751000 JavaThread "C2 CompilerThread0" daemon [_thread_blocked, id=11204, stack(0x000000f248300000,0x000000f248400000)]
  0x000002827f762000 JavaThread "C1 CompilerThread0" daemon [_thread_blocked, id=11872, stack(0x000000f248400000,0x000000f248500000)]
  0x000002827f763800 JavaThread "Sweeper thread" daemon [_thread_blocked, id=11084, stack(0x000000f248500000,0x000000f248600000)]
  0x000002827f9b0800 JavaThread "Service Thread" daemon [_thread_blocked, id=4712, stack(0x000000f248600000,0x000000f248700000)]
  0x000002827f9bb800 JavaThread "Common-Cleaner" daemon [_thread_blocked, id=600, stack(0x000000f248800000,0x000000f248900000)]
  0x0000028212292800 JavaThread "qtp271002555-15" [_thread_in_native, id=9792, stack(0x000000f247400000,0x000000f247500000)]
  0x000002821169e800 JavaThread "qtp271002555-16" [_thread_blocked, id=12156, stack(0x000000f247500000,0x000000f247600000)]
  0x0000028212286800 JavaThread "qtp271002555-17-acceptor-0@716211de-ServerConnector@24347d8b{HTTP/1.1,[http/1.1]}{0.0.0.0:8080}" [_thread_in_native, id=10900, stack(0x000000f247600000,0x000000f247700000)]
  0x0000028212287800 JavaThread "qtp271002555-18" [_thread_in_native, id=3008, stack(0x000000f248a00000,0x000000f248b00000)]
  0x00000282121e5000 JavaThread "qtp271002555-19" [_thread_blocked, id=5348, stack(0x000000f248b00000,0x000000f248c00000)]
  0x000002821108e000 JavaThread "qtp271002555-20" [_thread_blocked, id=10420, stack(0x000000f248c00000,0x000000f248d00000)]
  0x0000028211a34800 JavaThread "qtp271002555-21" [_thread_blocked, id=2888, stack(0x000000f248d00000,0x000000f248e00000)]
  0x000002821108e800 JavaThread "qtp271002555-22" [_thread_blocked, id=9396, stack(0x000000f248e00000,0x000000f248f00000)]
  0x0000028212014800 JavaThread "Session-HouseKeeper-1e6060f1" [_thread_blocked, id=4052, stack(0x000000f249200000,0x000000f249300000)]
  0x00000282140b6000 JavaThread "PathWatcher@e98004e" daemon [_thread_blocked, id=1332, stack(0x000000f249900000,0x000000f249a00000)]
  0x00000282140b3800 JavaThread "qtp271002555-33" [_thread_blocked, id=11824, stack(0x000000f249300000,0x000000f249400000)]
  0x00000282148fc000 JavaThread "C2 CompilerThread1" daemon [_thread_blocked, id=2124, stack(0x000000f249100000,0x000000f249200000)]

Other Threads:
=>0x000002827f6c7800 VMThread "VM Thread" [stack: 0x000000f247e00000,0x000000f247f00000] [id=9032]
  0x000002827f9b5800 WatcherThread [stack: 0x000000f248700000,0x000000f248800000] [id=10248]
  0x000002827422a000 GCTaskThread "GC Thread#0" [stack: 0x000000f247900000,0x000000f247a00000] [id=9508]
  0x0000028211067800 GCTaskThread "GC Thread#1" [stack: 0x000000f248900000,0x000000f248a00000] [id=2944]
  0x0000028213724800 GCTaskThread "GC Thread#2" [stack: 0x000000f248f00000,0x000000f249000000] [id=8156]
  0x0000028211641000 GCTaskThread "GC Thread#3" [stack: 0x000000f249000000,0x000000f249100000] [id=7672]
  0x0000028274247800 ConcurrentGCThread "G1 Main Marker" [stack: 0x000000f247a00000,0x000000f247b00000] [id=11584]
  0x000002827424a000 ConcurrentGCThread "G1 Conc#0" [stack: 0x000000f247b00000,0x000000f247c00000] [id=2252]
  0x00000282742a5000 ConcurrentGCThread "G1 Refine#0" [stack: 0x000000f247c00000,0x000000f247d00000] [id=5772]
  0x00000282742a6000 ConcurrentGCThread "G1 Young RemSet Sampling" [stack: 0x000000f247d00000,0x000000f247e00000] [id=5732]

Threads with active compile tasks:
C2 CompilerThread09166   !   4       org.apache.tomcat.util.digester.Digester::endElement (624 bytes)
C2 CompilerThread19142   !   4       org.apache.tomcat.util.digester.Digester::startElement (422 bytes)

VM state:at safepoint (normal execution)

VM Mutex/Monitor currently owned by a thread:  ([mutex/lock_event])
[0x0000028274211620] Threads_lock - owner thread: 0x000002827f6c7800
[0x0000028274210420] Heap_lock - owner thread: 0x00000282140b6000

Heap address: 0x00000000c1c00000, size: 996 MB, Compressed Oops mode: 32-bit
Narrow klass base: 0x0000000000000000, Narrow klass shift: 3
Compressed class space size: 1073741824 Address: 0x0000000100000000

Heap:
 garbage-first heap   total 130048K, used 47170K [0x00000000c1c00000, 0x0000000100000000)
  region size 1024K, 3 young (3072K), 3 survivors (3072K)
 Metaspace       used 78265K, capacity 79588K, committed 80048K, reserved 1120256K
  class space    used 9160K, capacity 9612K, committed 9728K, reserved 1048576K
Heap Regions: E=young(eden), S=young(survivor), O=old, HS=humongous(starts), HC=humongous(continues), CS=collection set, F=free, A=archive, TAMS=top-at-mark-start (previous, next)
|   0|0x00000000c1c00000, 0x00000000c1d00000, 0x00000000c1d00000|100%| O|  |TAMS 0x00000000c1d00000, 0x00000000c1d00000| Untracked 
|   1|0x00000000c1d00000, 0x00000000c1e00000, 0x00000000c1e00000|100%| O|  |TAMS 0x00000000c1e00000, 0x00000000c1e00000| Untracked 
|   2|0x00000000c1e00000, 0x00000000c1f00000, 0x00000000c1f00000|100%| O|  |TAMS 0x00000000c1f00000, 0x00000000c1f00000| Untracked 
|   3|0x00000000c1f00000, 0x00000000c2000000, 0x00000000c2000000|100%| O|  |TAMS 0x00000000c2000000, 0x00000000c2000000| Untracked 
|   4|0x00000000c2000000, 0x00000000c2100000, 0x00000000c2100000|100%| O|  |TAMS 0x00000000c2100000, 0x00000000c2100000| Untracked 
|   5|0x00000000c2100000, 0x00000000c2200000, 0x00000000c2200000|100%| O|  |TAMS 0x00000000c2200000, 0x00000000c2200000| Untracked 
|   6|0x00000000c2200000, 0x00000000c2300000, 0x00000000c2300000|100%| O|  |TAMS 0x00000000c2300000, 0x00000000c2300000| Untracked 
|   7|0x00000000c2300000, 0x00000000c2400000, 0x00000000c2400000|100%| O|  |TAMS 0x00000000c2400000, 0x00000000c2400000| Untracked 
|   8|0x00000000c2400000, 0x00000000c2500000, 0x00000000c2500000|100%| O|  |TAMS 0x00000000c2500000, 0x00000000c2500000| Untracked 
|   9|0x00000000c2500000, 0x00000000c2600000, 0x00000000c2600000|100%| O|  |TAMS 0x00000000c2600000, 0x00000000c2600000| Untracked 
|  10|0x00000000c2600000, 0x00000000c2700000, 0x00000000c2700000|100%| O|  |TAMS 0x00000000c2700000, 0x00000000c2700000| Untracked 
|  11|0x00000000c2700000, 0x00000000c2800000, 0x00000000c2800000|100%| O|  |TAMS 0x00000000c2800000, 0x00000000c2800000| Untracked 
|  12|0x00000000c2800000, 0x00000000c2900000, 0x00000000c2900000|100%| O|  |TAMS 0x00000000c2822800, 0x00000000c2900000| Untracked 
|  13|0x00000000c2900000, 0x00000000c2a00000, 0x00000000c2a00000|100%| O|  |TAMS 0x00000000c2a00000, 0x00000000c2a00000| Untracked 
|  14|0x00000000c2a00000, 0x00000000c2b00000, 0x00000000c2b00000|100%| O|  |TAMS 0x00000000c2a00000, 0x00000000c2b00000| Untracked 
|  15|0x00000000c2b00000, 0x00000000c2c00000, 0x00000000c2c00000|100%| O|  |TAMS 0x00000000c2c00000, 0x00000000c2c00000| Untracked 
|  16|0x00000000c2c00000, 0x00000000c2d00000, 0x00000000c2d00000|100%|HS|  |TAMS 0x00000000c2d00000, 0x00000000c2d00000| Complete 
|  17|0x00000000c2d00000, 0x00000000c2e00000, 0x00000000c2e00000|100%| O|  |TAMS 0x00000000c2e00000, 0x00000000c2e00000| Untracked 
|  18|0x00000000c2e00000, 0x00000000c2f00000, 0x00000000c2f00000|100%| O|  |TAMS 0x00000000c2f00000, 0x00000000c2f00000| Untracked 
|  19|0x00000000c2f00000, 0x00000000c3000000, 0x00000000c3000000|100%| O|  |TAMS 0x00000000c3000000, 0x00000000c3000000| Untracked 
|  20|0x00000000c3000000, 0x00000000c3100000, 0x00000000c3100000|100%| O|  |TAMS 0x00000000c3100000, 0x00000000c3100000| Untracked 
|  21|0x00000000c3100000, 0x00000000c3200000, 0x00000000c3200000|100%| O|  |TAMS 0x00000000c3200000, 0x00000000c3200000| Untracked 
|  22|0x00000000c3200000, 0x00000000c3300000, 0x00000000c3300000|100%| O|  |TAMS 0x00000000c3200000, 0x00000000c3300000| Untracked 
|  23|0x00000000c3300000, 0x00000000c3400000, 0x00000000c3400000|100%| O|  |TAMS 0x00000000c3400000, 0x00000000c3400000| Untracked 
|  24|0x00000000c3400000, 0x00000000c3500000, 0x00000000c3500000|100%| O|  |TAMS 0x00000000c3400000, 0x00000000c3500000| Untracked 
|  25|0x00000000c3500000, 0x00000000c3600000, 0x00000000c3600000|100%| O|  |TAMS 0x00000000c3600000, 0x00000000c3600000| Untracked 
|  26|0x00000000c3600000, 0x00000000c3700000, 0x00000000c3700000|100%| O|  |TAMS 0x00000000c3700000, 0x00000000c3700000| Untracked 
|  27|0x00000000c3700000, 0x00000000c3800000, 0x00000000c3800000|100%| O|  |TAMS 0x00000000c3800000, 0x00000000c3800000| Untracked 
|  28|0x00000000c3800000, 0x00000000c3900000, 0x00000000c3900000|100%| O|  |TAMS 0x00000000c3900000, 0x00000000c3900000| Untracked 
|  29|0x00000000c3900000, 0x00000000c3a00000, 0x00000000c3a00000|100%| O|  |TAMS 0x00000000c3a00000, 0x00000000c3a00000| Untracked 
|  30|0x00000000c3a00000, 0x00000000c3b00000, 0x00000000c3b00000|100%| O|  |TAMS 0x00000000c3a00000, 0x00000000c3b00000| Untracked 
|  31|0x00000000c3b00000, 0x00000000c3c00000, 0x00000000c3c00000|100%| O|  |TAMS 0x00000000c3b00000, 0x00000000c3c00000| Untracked 
|  32|0x00000000c3c00000, 0x00000000c3d00000, 0x00000000c3d00000|100%| O|  |TAMS 0x00000000c3c00000, 0x00000000c3d00000| Untracked 
|  33|0x00000000c3d00000, 0x00000000c3de5600, 0x00000000c3e00000| 89%| O|  |TAMS 0x00000000c3d00000, 0x00000000c3de5600| Untracked 
|  34|0x00000000c3e00000, 0x00000000c3f00000, 0x00000000c3f00000|100%| O|  |TAMS 0x00000000c3f00000, 0x00000000c3f00000| Untracked 
|  35|0x00000000c3f00000, 0x00000000c4000000, 0x00000000c4000000|100%| O|  |TAMS 0x00000000c4000000, 0x00000000c4000000| Untracked 
|  36|0x00000000c4000000, 0x00000000c4100000, 0x00000000c4100000|100%| O|  |TAMS 0x00000000c4100000, 0x00000000c4100000| Untracked 
|  37|0x00000000c4100000, 0x00000000c4200000, 0x00000000c4200000|100%| O|  |TAMS 0x00000000c4200000, 0x00000000c4200000| Untracked 
|  38|0x00000000c4200000, 0x00000000c4300000, 0x00000000c4300000|100%| O|  |TAMS 0x00000000c4300000, 0x00000000c4300000| Untracked 
|  39|0x00000000c4300000, 0x00000000c4400000, 0x00000000c4400000|100%| O|  |TAMS 0x00000000c4400000, 0x00000000c4400000| Untracked 
|  40|0x00000000c4400000, 0x00000000c4500000, 0x00000000c4500000|100%| O|  |TAMS 0x00000000c4500000, 0x00000000c4500000| Untracked 
|  41|0x00000000c4500000, 0x00000000c4600000, 0x00000000c4600000|100%| O|  |TAMS 0x00000000c4600000, 0x00000000c4600000| Untracked 
|  42|0x00000000c4600000, 0x00000000c4700000, 0x00000000c4700000|100%| O|  |TAMS 0x00000000c4700000, 0x00000000c4700000| Untracked 
|  43|0x00000000c4700000, 0x00000000c4800000, 0x00000000c4800000|100%| O|  |TAMS 0x00000000c4800000, 0x00000000c4800000| Untracked 
|  44|0x00000000c4800000, 0x00000000c4800000, 0x00000000c4900000|  0%| F|  |TAMS 0x00000000c4800000, 0x00000000c4800000| Untracked 
|  45|0x00000000c4900000, 0x00000000c4900000, 0x00000000c4a00000|  0%| F|  |TAMS 0x00000000c4900000, 0x00000000c4900000| Untracked 
|  46|0x00000000c4a00000, 0x00000000c4a00000, 0x00000000c4b00000|  0%| F|  |TAMS 0x00000000c4a00000, 0x00000000c4a00000| Untracked 
|  47|0x00000000c4b00000, 0x00000000c4b00000, 0x00000000c4c00000|  0%| F|  |TAMS 0x00000000c4b00000, 0x00000000c4b00000| Untracked 
|  48|0x00000000c4c00000, 0x00000000c4c00000, 0x00000000c4d00000|  0%| F|  |TAMS 0x00000000c4c00000, 0x00000000c4c00000| Untracked 
|  49|0x00000000c4d00000, 0x00000000c4d00000, 0x00000000c4e00000|  0%| F|  |TAMS 0x00000000c4d00000, 0x00000000c4d00000| Untracked 
|  50|0x00000000c4e00000, 0x00000000c4e00000, 0x00000000c4f00000|  0%| F|  |TAMS 0x00000000c4e00000, 0x00000000c4e00000| Untracked 
|  51|0x00000000c4f00000, 0x00000000c4f00000, 0x00000000c5000000|  0%| F|  |TAMS 0x00000000c4f00000, 0x00000000c4f00000| Untracked 
|  52|0x00000000c5000000, 0x00000000c5000000, 0x00000000c5100000|  0%| F|  |TAMS 0x00000000c5000000, 0x00000000c5000000| Untracked 
|  53|0x00000000c5100000, 0x00000000c5100000, 0x00000000c5200000|  0%| F|  |TAMS 0x00000000c5100000, 0x00000000c5100000| Untracked 
|  54|0x00000000c5200000, 0x00000000c5200000, 0x00000000c5300000|  0%| F|  |TAMS 0x00000000c5200000, 0x00000000c5200000| Untracked 
|  55|0x00000000c5300000, 0x00000000c5300000, 0x00000000c5400000|  0%| F|  |TAMS 0x00000000c5300000, 0x00000000c5300000| Untracked 
|  56|0x00000000c5400000, 0x00000000c5400000, 0x00000000c5500000|  0%| F|  |TAMS 0x00000000c5400000, 0x00000000c5400000| Untracked 
|  57|0x00000000c5500000, 0x00000000c5500000, 0x00000000c5600000|  0%| F|  |TAMS 0x00000000c5500000, 0x00000000c5500000| Untracked 
|  58|0x00000000c5600000, 0x00000000c5600000, 0x00000000c5700000|  0%| F|  |TAMS 0x00000000c5600000, 0x00000000c5600000| Untracked 
|  59|0x00000000c5700000, 0x00000000c5700000, 0x00000000c5800000|  0%| F|  |TAMS 0x00000000c5700000, 0x00000000c5700000| Untracked 
|  60|0x00000000c5800000, 0x00000000c5800000, 0x00000000c5900000|  0%| F|  |TAMS 0x00000000c5800000, 0x00000000c5800000| Untracked 
|  61|0x00000000c5900000, 0x00000000c592b208, 0x00000000c5a00000| 16%| S|CS|TAMS 0x00000000c5900000, 0x00000000c5900000| Complete 
|  62|0x00000000c5a00000, 0x00000000c5b00000, 0x00000000c5b00000|100%| S|CS|TAMS 0x00000000c5a00000, 0x00000000c5a00000| Complete 
|  63|0x00000000c5b00000, 0x00000000c5c00000, 0x00000000c5c00000|100%| S|CS|TAMS 0x00000000c5b00000, 0x00000000c5b00000| Complete 
|  64|0x00000000c5c00000, 0x00000000c5c00000, 0x00000000c5d00000|  0%| F|  |TAMS 0x00000000c5c00000, 0x00000000c5c00000| Untracked 
|  65|0x00000000c5d00000, 0x00000000c5d00000, 0x00000000c5e00000|  0%| F|  |TAMS 0x00000000c5d00000, 0x00000000c5d00000| Untracked 
|  66|0x00000000c5e00000, 0x00000000c5e00000, 0x00000000c5f00000|  0%| F|  |TAMS 0x00000000c5e00000, 0x00000000c5e00000| Untracked 
|  67|0x00000000c5f00000, 0x00000000c5f00000, 0x00000000c6000000|  0%| F|  |TAMS 0x00000000c5f00000, 0x00000000c5f00000| Untracked 
|  68|0x00000000c6000000, 0x00000000c6000000, 0x00000000c6100000|  0%| F|  |TAMS 0x00000000c6000000, 0x00000000c6000000| Untracked 
|  69|0x00000000c6100000, 0x00000000c6100000, 0x00000000c6200000|  0%| F|  |TAMS 0x00000000c6100000, 0x00000000c6100000| Untracked 
|  70|0x00000000c6200000, 0x00000000c6200000, 0x00000000c6300000|  0%| F|  |TAMS 0x00000000c6200000, 0x00000000c6200000| Untracked 
|  71|0x00000000c6300000, 0x00000000c6300000, 0x00000000c6400000|  0%| F|  |TAMS 0x00000000c6300000, 0x00000000c6300000| Untracked 
|  72|0x00000000c6400000, 0x00000000c6400000, 0x00000000c6500000|  0%| F|  |TAMS 0x00000000c6400000, 0x00000000c6400000| Untracked 
|  73|0x00000000c6500000, 0x00000000c6500000, 0x00000000c6600000|  0%| F|  |TAMS 0x00000000c6500000, 0x00000000c6500000| Untracked 
|  74|0x00000000c6600000, 0x00000000c6600000, 0x00000000c6700000|  0%| F|  |TAMS 0x00000000c6600000, 0x00000000c6600000| Untracked 
|  75|0x00000000c6700000, 0x00000000c6700000, 0x00000000c6800000|  0%| F|  |TAMS 0x00000000c6700000, 0x00000000c6700000| Untracked 
|  76|0x00000000c6800000, 0x00000000c6800000, 0x00000000c6900000|  0%| F|  |TAMS 0x00000000c6800000, 0x00000000c6800000| Untracked 
|  77|0x00000000c6900000, 0x00000000c6900000, 0x00000000c6a00000|  0%| F|  |TAMS 0x00000000c6900000, 0x00000000c6900000| Untracked 
|  78|0x00000000c6a00000, 0x00000000c6a00000, 0x00000000c6b00000|  0%| F|  |TAMS 0x00000000c6a00000, 0x00000000c6a00000| Untracked 
|  79|0x00000000c6b00000, 0x00000000c6b00000, 0x00000000c6c00000|  0%| F|  |TAMS 0x00000000c6b00000, 0x00000000c6b00000| Untracked 
|  80|0x00000000c6c00000, 0x00000000c6c00000, 0x00000000c6d00000|  0%| F|  |TAMS 0x00000000c6c00000, 0x00000000c6c00000| Untracked 
|  81|0x00000000c6d00000, 0x00000000c6d00000, 0x00000000c6e00000|  0%| F|  |TAMS 0x00000000c6d00000, 0x00000000c6d00000| Untracked 
|  82|0x00000000c6e00000, 0x00000000c6e00000, 0x00000000c6f00000|  0%| F|  |TAMS 0x00000000c6e00000, 0x00000000c6e00000| Untracked 
|  83|0x00000000c6f00000, 0x00000000c6f00000, 0x00000000c7000000|  0%| F|  |TAMS 0x00000000c6f00000, 0x00000000c6f00000| Untracked 
|  84|0x00000000c7000000, 0x00000000c7000000, 0x00000000c7100000|  0%| F|  |TAMS 0x00000000c7000000, 0x00000000c7000000| Untracked 
|  85|0x00000000c7100000, 0x00000000c7100000, 0x00000000c7200000|  0%| F|  |TAMS 0x00000000c7100000, 0x00000000c7100000| Untracked 
|  86|0x00000000c7200000, 0x00000000c7200000, 0x00000000c7300000|  0%| F|  |TAMS 0x00000000c7200000, 0x00000000c7200000| Untracked 
|  87|0x00000000c7300000, 0x00000000c7300000, 0x00000000c7400000|  0%| F|  |TAMS 0x00000000c7300000, 0x00000000c7300000| Untracked 
|  88|0x00000000c7400000, 0x00000000c7400000, 0x00000000c7500000|  0%| F|  |TAMS 0x00000000c7400000, 0x00000000c7400000| Untracked 
|  89|0x00000000c7500000, 0x00000000c7500000, 0x00000000c7600000|  0%| F|  |TAMS 0x00000000c7500000, 0x00000000c7500000| Untracked 
|  90|0x00000000c7600000, 0x00000000c7600000, 0x00000000c7700000|  0%| F|  |TAMS 0x00000000c7600000, 0x00000000c7600000| Untracked 
|  91|0x00000000c7700000, 0x00000000c7700000, 0x00000000c7800000|  0%| F|  |TAMS 0x00000000c7700000, 0x00000000c7700000| Untracked 
|  92|0x00000000c7800000, 0x00000000c7800000, 0x00000000c7900000|  0%| F|  |TAMS 0x00000000c7800000, 0x00000000c7800000| Untracked 
|  93|0x00000000c7900000, 0x00000000c7900000, 0x00000000c7a00000|  0%| F|  |TAMS 0x00000000c7900000, 0x00000000c7900000| Untracked 
|  94|0x00000000c7a00000, 0x00000000c7a00000, 0x00000000c7b00000|  0%| F|  |TAMS 0x00000000c7a00000, 0x00000000c7a00000| Untracked 
|  95|0x00000000c7b00000, 0x00000000c7b00000, 0x00000000c7c00000|  0%| F|  |TAMS 0x00000000c7b00000, 0x00000000c7b00000| Untracked 
|  96|0x00000000c7c00000, 0x00000000c7c00000, 0x00000000c7d00000|  0%| F|  |TAMS 0x00000000c7c00000, 0x00000000c7c00000| Untracked 
|  97|0x00000000c7d00000, 0x00000000c7d00000, 0x00000000c7e00000|  0%| F|  |TAMS 0x00000000c7d00000, 0x00000000c7d00000| Untracked 

Card table byte_map: [0x000002827c730000,0x000002827c930000] _byte_map_base: 0x000002827c122000

Marking Bits (Prev, Next): (CMBitMap*) 0x0000028274242e20, (CMBitMap*) 0x0000028274242de8
 Prev Bits: [0x000002827dac0000, 0x000002827ea50000)
 Next Bits: [0x000002827cb30000, 0x000002827dac0000)

Polling page: 0x0000028273980000

Metaspace:

Usage:
  Non-class:     68.34 MB capacity,    67.48 MB ( 99%) used,   732.23 KB (  1%) free+waste,   139.38 KB ( <1%) overhead. 
      Class:      9.39 MB capacity,     8.95 MB ( 95%) used,   392.20 KB (  4%) free+waste,    58.94 KB ( <1%) overhead. 
       Both:     77.72 MB capacity,    76.43 MB ( 98%) used,     1.10 MB (  1%) free+waste,   198.31 KB ( <1%) overhead. 

Virtual space:
  Non-class space:       70.00 MB reserved,      68.67 MB ( 98%) committed 
      Class space:        1.00 GB reserved,       9.50 MB ( <1%) committed 
             Both:        1.07 GB reserved,      78.17 MB (  7%) committed 

Chunk freelists:
   Non-Class:  43.00 KB
       Class:  2.50 KB
        Both:  45.50 KB

CodeHeap 'non-profiled nmethods': size=120064Kb used=5415Kb max_used=6205Kb free=114648Kb
 bounds [0x0000028207ac0000, 0x00000282080e0000, 0x000002820f000000]
CodeHeap 'profiled nmethods': size=120000Kb used=17772Kb max_used=19863Kb free=102228Kb
 bounds [0x0000028200590000, 0x0000028201910000, 0x0000028207ac0000]
CodeHeap 'non-nmethods': size=5696Kb used=1311Kb max_used=1376Kb free=4384Kb
 bounds [0x0000028200000000, 0x0000028200270000, 0x0000028200590000]
 total_blobs=12209 nmethods=7577 adapters=640
 compilation: enabled
              stopped_count=0, restarted_count=0
 full_count=0

Compilation events (10 events):
Event: 999.134 Thread 0x000002827f762000 9175   !   3       java.util.concurrent.CopyOnWriteArrayList::add (46 bytes)
Event: 999.135 Thread 0x000002827f762000 nmethod 9175 0x0000028200a0b190 code [0x0000028200a0b380, 0x0000028200a0b990]
Event: 999.137 Thread 0x000002827f762000 9176       1       org.eclipse.jetty.server.handler.AbstractHandler::getServer (5 bytes)
Event: 999.137 Thread 0x000002827f762000 nmethod 9176 0x0000028207c82110 code [0x0000028207c822c0, 0x0000028207c823d8]
Event: 999.137 Thread 0x000002827f762000 9177       1       org.eclipse.jetty.servlet.ServletMapping::getServletName (5 bytes)
Event: 999.137 Thread 0x000002827f762000 nmethod 9177 0x0000028207c81d90 code [0x0000028207c81f40, 0x0000028207c82058]
Event: 999.160 Thread 0x000002827f751000 nmethod 9148 0x0000028207cd6510 code [0x0000028207cd6700, 0x0000028207cd77c8]
Event: 999.161 Thread 0x000002827f751000 9166   !   4       org.apache.tomcat.util.digester.Digester::endElement (624 bytes)
Event: 999.165 Thread 0x000002827f762000 9178       3       org.eclipse.jetty.util.IncludeExcludeSet::isIncludedAndNotExcluded (36 bytes)
Event: 999.166 Thread 0x000002827f762000 nmethod 9178 0x00000282008bb910 code [0x00000282008bbb00, 0x00000282008bbea0]

GC Heap History (10 events):
Event: 995.242 GC heap after
{Heap after GC invocations=66 (full 0):
 garbage-first heap   total 78848K, used 42021K [0x00000000c1c00000, 0x0000000100000000)
  region size 1024K, 1 young (1024K), 1 survivors (1024K)
 Metaspace       used 78072K, capacity 79382K, committed 79920K, reserved 1120256K
  class space    used 9142K, capacity 9569K, committed 9600K, reserved 1048576K
}
Event: 995.423 GC heap before
{Heap before GC invocations=66 (full 0):
 garbage-first heap   total 78848K, used 64549K [0x00000000c1c00000, 0x0000000100000000)
  region size 1024K, 24 young (24576K), 1 survivors (1024K)
 Metaspace       used 78072K, capacity 79382K, committed 79920K, reserved 1120256K
  class space    used 9142K, capacity 9569K, committed 9600K, reserved 1048576K
}
Event: 995.430 GC heap after
{Heap after GC invocations=67 (full 0):
 garbage-first heap   total 100352K, used 43040K [0x00000000c1c00000, 0x0000000100000000)
  region size 1024K, 2 young (2048K), 2 survivors (2048K)
 Metaspace       used 78072K, capacity 79382K, committed 79920K, reserved 1120256K
  class space    used 9142K, capacity 9569K, committed 9600K, reserved 1048576K
}
Event: 995.629 GC heap before
{Heap before GC invocations=67 (full 0):
 garbage-first heap   total 100352K, used 73760K [0x00000000c1c00000, 0x0000000100000000)
  region size 1024K, 32 young (32768K), 2 survivors (2048K)
 Metaspace       used 78072K, capacity 79382K, committed 79920K, reserved 1120256K
  class space    used 9142K, capacity 9569K, committed 9600K, reserved 1048576K
}
Event: 995.634 GC heap after
{Heap after GC invocations=68 (full 0):
 garbage-first heap   total 100352K, used 44320K [0x00000000c1c00000, 0x0000000100000000)
  region size 1024K, 4 young (4096K), 4 survivors (4096K)
 Metaspace       used 78072K, capacity 79382K, committed 79920K, reserved 1120256K
  class space    used 9142K, capacity 9569K, committed 9600K, reserved 1048576K
}
Event: 995.805 GC heap before
{Heap before GC invocations=68 (full 0):
 garbage-first heap   total 100352K, used 74016K [0x00000000c1c00000, 0x0000000100000000)
  region size 1024K, 34 young (34816K), 4 survivors (4096K)
 Metaspace       used 78082K, capacity 79382K, committed 79920K, reserved 1120256K
  class space    used 9142K, capacity 9569K, committed 9600K, reserved 1048576K
}
Event: 995.811 GC heap after
{Heap after GC invocations=69 (full 0):
 garbage-first heap   total 100352K, used 45165K [0x00000000c1c00000, 0x0000000100000000)
  region size 1024K, 4 young (4096K), 4 survivors (4096K)
 Metaspace       used 78082K, capacity 79382K, committed 79920K, reserved 1120256K
  class space    used 9142K, capacity 9569K, committed 9600K, reserved 1048576K
}
Event: 996.229 GC heap before
{Heap before GC invocations=69 (full 0):
 garbage-first heap   total 100352K, used 75885K [0x00000000c1c00000, 0x0000000100000000)
  region size 1024K, 35 young (35840K), 4 survivors (4096K)
 Metaspace       used 78085K, capacity 79382K, committed 79920K, reserved 1120256K
  class space    used 9142K, capacity 9569K, committed 9600K, reserved 1048576K
}
Event: 996.237 GC heap after
{Heap after GC invocations=70 (full 0):
 garbage-first heap   total 100352K, used 46686K [0x00000000c1c00000, 0x0000000100000000)
  region size 1024K, 4 young (4096K), 4 survivors (4096K)
 Metaspace       used 78085K, capacity 79382K, committed 79920K, reserved 1120256K
  class space    used 9142K, capacity 9569K, committed 9600K, reserved 1048576K
}
Event: 999.183 GC heap before
{Heap before GC invocations=70 (full 0):
 garbage-first heap   total 100352K, used 77406K [0x00000000c1c00000, 0x0000000100000000)
  region size 1024K, 35 young (35840K), 4 survivors (4096K)
 Metaspace       used 78265K, capacity 79588K, committed 80048K, reserved 1120256K
  class space    used 9160K, capacity 9612K, committed 9728K, reserved 1048576K
}

Deoptimization events (10 events):
Event: 992.613 Thread 0x00000282140b6000 Uncommon trap: reason=class_check action=maybe_recompile pc=0x0000028207f122e0 method=java.io.FilterInputStream.read()I @ 4 c2
Event: 992.613 Thread 0x00000282140b6000 Uncommon trap: reason=class_check action=maybe_recompile pc=0x0000028207f122e0 method=java.io.FilterInputStream.read()I @ 4 c2
Event: 992.613 Thread 0x00000282140b6000 Uncommon trap: reason=class_check action=maybe_recompile pc=0x0000028207f122e0 method=java.io.FilterInputStream.read()I @ 4 c2
Event: 992.613 Thread 0x00000282140b6000 Uncommon trap: reason=class_check action=maybe_recompile pc=0x0000028207f122e0 method=java.io.FilterInputStream.read()I @ 4 c2
Event: 992.622 Thread 0x00000282140b6000 Uncommon trap: reason=unstable_if action=reinterpret pc=0x0000028207fc0434 method=org.eclipse.jetty.util.resource.JarFileResource.close()V @ 31 c2
Event: 992.623 Thread 0x00000282140b6000 Uncommon trap: reason=unstable_if action=reinterpret pc=0x0000028207fbdc38 method=org.eclipse.jetty.util.resource.URLResource.close()V @ 36 c2
Event: 992.821 Thread 0x00000282140b6000 Uncommon trap: reason=unstable_if action=reinterpret pc=0x0000028207e1c9ac method=java.lang.ThreadLocal$ThreadLocalMap.getEntry(Ljava/lang/ThreadLocal;)Ljava/lang/ThreadLocal$ThreadLocalMap$Entry; @ 29 c2
Event: 992.823 Thread 0x00000282140b6000 Uncommon trap: reason=unstable_if action=reinterpret pc=0x0000028207c297e0 method=java.lang.ThreadLocal$ThreadLocalMap.getEntry(Ljava/lang/ThreadLocal;)Ljava/lang/ThreadLocal$ThreadLocalMap$Entry; @ 29 c2
Event: 992.888 Thread 0x00000282140b6000 Uncommon trap: reason=unstable_if action=reinterpret pc=0x0000028208027448 method=org.eclipse.jetty.util.IncludeExcludeSet.isIncludedAndNotExcluded(Ljava/lang/Object;)Ljava/lang/Boolean; @ 10 c2
Event: 993.262 Thread 0x000002821108e000 Uncommon trap: reason=unstable_if action=reinterpret pc=0x0000028207c895cc method=java.util.concurrent.ConcurrentHashMap.transfer([Ljava/util/concurrent/ConcurrentHashMap$Node;[Ljava/util/concurrent/ConcurrentHashMap$Node;)V @ 172 c2

Classes redefined (0 events):
No events

Internal exceptions (10 events):
Event: 998.415 Thread 0x00000282140b6000 Exception <a 'sun/nio/fs/WindowsException'{0x00000000c7644b58}> (0x00000000c7644b58) thrown at [t:/workspace/open/src/hotspot/share/prims/jni.cpp, line 615]
Event: 998.415 Thread 0x00000282140b6000 Exception <a 'sun/nio/fs/WindowsException'{0x00000000c7645598}> (0x00000000c7645598) thrown at [t:/workspace/open/src/hotspot/share/prims/jni.cpp, line 615]
Event: 998.415 Thread 0x00000282140b6000 Exception <a 'sun/nio/fs/WindowsException'{0x00000000c7645bf0}> (0x00000000c7645bf0) thrown at [t:/workspace/open/src/hotspot/share/prims/jni.cpp, line 615]
Event: 998.415 Thread 0x00000282140b6000 Exception <a 'sun/nio/fs/WindowsException'{0x00000000c76463c0}> (0x00000000c76463c0) thrown at [t:/workspace/open/src/hotspot/share/prims/jni.cpp, line 615]
Event: 998.415 Thread 0x00000282140b6000 Exception <a 'sun/nio/fs/WindowsException'{0x00000000c7646708}> (0x00000000c7646708) thrown at [t:/workspace/open/src/hotspot/share/prims/jni.cpp, line 615]
Event: 998.415 Thread 0x00000282140b6000 Exception <a 'sun/nio/fs/WindowsException'{0x00000000c7646d08}> (0x00000000c7646d08) thrown at [t:/workspace/open/src/hotspot/share/prims/jni.cpp, line 615]
Event: 998.415 Thread 0x00000282140b6000 Exception <a 'sun/nio/fs/WindowsException'{0x00000000c76473f0}> (0x00000000c76473f0) thrown at [t:/workspace/open/src/hotspot/share/prims/jni.cpp, line 615]
Event: 998.521 Thread 0x00000282140b6000 Exception <a 'sun/nio/fs/WindowsException'{0x00000000c750b0b0}> (0x00000000c750b0b0) thrown at [t:/workspace/open/src/hotspot/share/prims/jni.cpp, line 615]
Event: 998.527 Thread 0x00000282140b6000 Exception <a 'sun/nio/fs/WindowsException'{0x00000000c7510f30}> (0x00000000c7510f30) thrown at [t:/workspace/open/src/hotspot/share/prims/jni.cpp, line 615]
Event: 998.532 Thread 0x00000282140b6000 Exception <a 'sun/nio/fs/WindowsException'{0x00000000c7516798}> (0x00000000c7516798) thrown at [t:/workspace/open/src/hotspot/share/prims/jni.cpp, line 615]

Events (10 events):
Event: 999.162 loading class javax/persistence/spi/PersistenceProviderResolverHolder$DefaultPersistenceProviderResolver$CacheKeyReference done
Event: 999.162 loading class javax/persistence/spi/PersistenceProviderResolverHolder$DefaultPersistenceProviderResolver$CacheKeyReference
Event: 999.162 loading class javax/persistence/spi/PersistenceProviderResolverHolder$DefaultPersistenceProviderResolver$CacheKeyReference done
Event: 999.164 loading class javax/persistence/spi/PersistenceProvider
Event: 999.164 loading class javax/persistence/spi/PersistenceProvider done
Event: 999.164 loading class javax/persistence/spi/PersistenceProvider
Event: 999.164 loading class javax/persistence/spi/PersistenceProvider done
Event: 999.164 loading class javax/persistence/spi/PersistenceProvider
Event: 999.164 loading class javax/persistence/spi/PersistenceProvider done
Event: 999.183 Executing VM operation: G1CollectForAllocation


Dynamic libraries:
0x00007ff7ab120000 - 0x00007ff7ab165000 	C:\Program Files (x86)\Java\jdk-11.0.2\bin\java.exe
0x00007ffd3e7c0000 - 0x00007ffd3e9a1000 	C:\WINDOWS\SYSTEM32\ntdll.dll
0x00007ffd3c600000 - 0x00007ffd3c6b1000 	C:\WINDOWS\System32\KERNEL32.DLL
0x00007ffd3b0e0000 - 0x00007ffd3b353000 	C:\WINDOWS\System32\KERNELBASE.dll
0x00007ffd3e490000 - 0x00007ffd3e620000 	C:\WINDOWS\System32\USER32.dll
0x00007ffd3ab90000 - 0x00007ffd3abb0000 	C:\WINDOWS\System32\win32u.dll
0x00007ffd3c5a0000 - 0x00007ffd3c5c8000 	C:\WINDOWS\System32\GDI32.dll
0x00007ffd3abb0000 - 0x00007ffd3ad41000 	C:\WINDOWS\System32\gdi32full.dll
0x00007ffd3ae50000 - 0x00007ffd3aeef000 	C:\WINDOWS\System32\msvcp_win.dll
0x00007ffd3ad50000 - 0x00007ffd3ae48000 	C:\WINDOWS\System32\ucrtbase.dll
0x00007ffd29d80000 - 0x00007ffd29fe9000 	C:\WINDOWS\WinSxS\amd64_microsoft.windows.common-controls_6595b64144ccf1df_6.0.17134.829_none_fb46a5473061b9d5\COMCTL32.dll
0x00007ffd3c490000 - 0x00007ffd3c52e000 	C:\WINDOWS\System32\msvcrt.dll
0x00007ffd3c8a0000 - 0x00007ffd3cbc2000 	C:\WINDOWS\System32\combase.dll
0x00007ffd3e360000 - 0x00007ffd3e484000 	C:\WINDOWS\System32\RPCRT4.dll
0x00007ffd3bb20000 - 0x00007ffd3bb9a000 	C:\WINDOWS\System32\bcryptPrimitives.dll
0x00007ffd3c5d0000 - 0x00007ffd3c5fd000 	C:\WINDOWS\System32\IMM32.DLL
0x00007ffd2e2b0000 - 0x00007ffd2e2c6000 	C:\Program Files (x86)\Java\jdk-11.0.2\bin\vcruntime140.dll
0x00007ffd282f0000 - 0x00007ffd2839a000 	C:\Program Files (x86)\Java\jdk-11.0.2\bin\msvcp140.dll
0x00007ffd05fe0000 - 0x00007ffd06b03000 	C:\Program Files (x86)\Java\jdk-11.0.2\bin\server\jvm.dll
0x00007ffd3bd00000 - 0x00007ffd3bda1000 	C:\WINDOWS\System32\ADVAPI32.dll
0x00007ffd3cbd0000 - 0x00007ffd3cc2b000 	C:\WINDOWS\System32\sechost.dll
0x00007ffd3c030000 - 0x00007ffd3c038000 	C:\WINDOWS\System32\PSAPI.DLL
0x00007ffd3a3c0000 - 0x00007ffd3a3c9000 	C:\WINDOWS\SYSTEM32\WSOCK32.dll
0x00007ffd375c0000 - 0x00007ffd375e3000 	C:\WINDOWS\SYSTEM32\WINMM.dll
0x00007ffd358f0000 - 0x00007ffd358fa000 	C:\WINDOWS\SYSTEM32\VERSION.dll
0x00007ffd3ceb0000 - 0x00007ffd3cf1c000 	C:\WINDOWS\System32\WS2_32.dll
0x00007ffd37590000 - 0x00007ffd375ba000 	C:\WINDOWS\SYSTEM32\winmmbase.dll
0x00007ffd3b360000 - 0x00007ffd3b3a9000 	C:\WINDOWS\System32\cfgmgr32.dll
0x00007ffd3ab70000 - 0x00007ffd3ab81000 	C:\WINDOWS\System32\kernel.appcore.dll
0x00007ffd34370000 - 0x00007ffd34381000 	C:\Program Files (x86)\Java\jdk-11.0.2\bin\verify.dll
0x00007ffd3a5e0000 - 0x00007ffd3a7a9000 	C:\WINDOWS\SYSTEM32\DBGHELP.DLL
0x00007ffd3a270000 - 0x00007ffd3a299000 	C:\WINDOWS\SYSTEM32\dbgcore.DLL
0x00007ffd2e310000 - 0x00007ffd2e338000 	C:\Program Files (x86)\Java\jdk-11.0.2\bin\java.dll
0x00007ffd2e2f0000 - 0x00007ffd2e306000 	C:\Program Files (x86)\Java\jdk-11.0.2\bin\zip.dll
0x00007ffd30af0000 - 0x00007ffd30afa000 	C:\Program Files (x86)\Java\jdk-11.0.2\bin\jimage.dll
0x00007ffd3cf20000 - 0x00007ffd3e360000 	C:\WINDOWS\System32\SHELL32.dll
0x00007ffd3bc50000 - 0x00007ffd3bcf9000 	C:\WINDOWS\System32\shcore.dll
0x00007ffd3b3b0000 - 0x00007ffd3babd000 	C:\WINDOWS\System32\windows.storage.dll
0x00007ffd3cc90000 - 0x00007ffd3cce1000 	C:\WINDOWS\System32\shlwapi.dll
0x00007ffd3aad0000 - 0x00007ffd3aaef000 	C:\WINDOWS\System32\profapi.dll
0x00007ffd3aaf0000 - 0x00007ffd3ab3c000 	C:\WINDOWS\System32\powrprof.dll
0x00007ffd3ab40000 - 0x00007ffd3ab4a000 	C:\WINDOWS\System32\FLTLIB.DLL
0x00007ffd2e230000 - 0x00007ffd2e249000 	C:\Program Files (x86)\Java\jdk-11.0.2\bin\net.dll
0x00007ffd2ee40000 - 0x00007ffd2f009000 	C:\WINDOWS\SYSTEM32\urlmon.dll
0x00007ffd316b0000 - 0x00007ffd3178d000 	C:\WINDOWS\SYSTEM32\WINHTTP.dll
0x00007ffd2f420000 - 0x00007ffd2f6c6000 	C:\WINDOWS\SYSTEM32\iertutil.dll
0x00007ffd3a140000 - 0x00007ffd3a14b000 	C:\WINDOWS\SYSTEM32\CRYPTBASE.DLL
0x00007ffd39f90000 - 0x00007ffd39ff6000 	C:\WINDOWS\system32\mswsock.dll
0x00007ffd2e210000 - 0x00007ffd2e223000 	C:\Program Files (x86)\Java\jdk-11.0.2\bin\nio.dll
0x00007ffd3a3f0000 - 0x00007ffd3a3fa000 	C:\Maven\apache-maven-3.6.0\lib\jansi-native\windows64\jansi.dll
0x00007ffd30970000 - 0x00007ffd30979000 	C:\Program Files (x86)\Java\jdk-11.0.2\bin\management.dll
0x00007ffd2e2a0000 - 0x00007ffd2e2ac000 	C:\Program Files (x86)\Java\jdk-11.0.2\bin\management_ext.dll
0x00007ffd0a030000 - 0x00007ffd0a046000 	C:\WINDOWS\system32\napinsp.dll
0x00007ffd0a050000 - 0x00007ffd0a06a000 	C:\WINDOWS\system32\pnrpnsp.dll
0x00007ffd36f30000 - 0x00007ffd36f49000 	C:\WINDOWS\system32\NLAapi.dll
0x00007ffd39d60000 - 0x00007ffd39e1e000 	C:\WINDOWS\SYSTEM32\DNSAPI.dll
0x00007ffd3c020000 - 0x00007ffd3c028000 	C:\WINDOWS\System32\NSI.dll
0x00007ffd39d20000 - 0x00007ffd39d58000 	C:\WINDOWS\SYSTEM32\IPHLPAPI.DLL
0x00007ffd0f950000 - 0x00007ffd0f95e000 	C:\WINDOWS\System32\winrnr.dll
0x00007ffd31ce0000 - 0x00007ffd31cea000 	C:\Windows\System32\rasadhlp.dll
0x00007ffd315e0000 - 0x00007ffd31652000 	C:\WINDOWS\System32\fwpuclnt.dll
0x00007ffd3a5b0000 - 0x00007ffd3a5d5000 	C:\WINDOWS\SYSTEM32\bcrypt.dll
0x00007ffd3a590000 - 0x00007ffd3a5a7000 	C:\WINDOWS\SYSTEM32\CRYPTSP.dll
0x00007ffd39b80000 - 0x00007ffd39bb3000 	C:\WINDOWS\system32\rsaenh.dll
0x00007ffd3aa00000 - 0x00007ffd3aa28000 	C:\WINDOWS\SYSTEM32\USERENV.dll
0x00007ffd34cb0000 - 0x00007ffd34cc6000 	C:\WINDOWS\SYSTEM32\dhcpcsvc6.DLL
0x00007ffd34c90000 - 0x00007ffd34caa000 	C:\WINDOWS\SYSTEM32\dhcpcsvc.DLL
0x00007ffd343a0000 - 0x00007ffd343ad000 	C:\Program Files (x86)\Java\jdk-11.0.2\bin\sunmscapi.dll
0x00007ffd3aef0000 - 0x00007ffd3b0d2000 	C:\WINDOWS\System32\CRYPT32.dll
0x00007ffd3ab50000 - 0x00007ffd3ab62000 	C:\WINDOWS\System32\MSASN1.dll
0x00007ffd3a240000 - 0x00007ffd3a266000 	C:\WINDOWS\SYSTEM32\ncrypt.dll
0x00007ffd3a200000 - 0x00007ffd3a236000 	C:\WINDOWS\SYSTEM32\NTASN1.dll
0x00007ffd28f20000 - 0x00007ffd28f47000 	C:\Program Files (x86)\Java\jdk-11.0.2\bin\sunec.dll

dbghelp: loaded successfully - version: 4.0.5 - missing functions: none
symbol engine: initialized successfully - sym options: 0x614 - pdb path: .;C:\Program Files (x86)\Java\jdk-11.0.2\bin;C:\WINDOWS\SYSTEM32;C:\WINDOWS\WinSxS\amd64_microsoft.windows.common-controls_6595b64144ccf1df_6.0.17134.829_none_fb46a5473061b9d5;C:\Program Files (x86)\Java\jdk-11.0.2\bin\server;C:\Maven\apache-maven-3.6.0\lib\jansi-native\windows64

VM Arguments:
jvm_args: -Dclassworlds.conf=C:\Maven\apache-maven-3.6.0\bin\..\bin\m2.conf -Dmaven.home=C:\Maven\apache-maven-3.6.0\bin\.. -Dlibrary.jansi.path=C:\Maven\apache-maven-3.6.0\bin\..\lib\jansi-native -Dmaven.multiModuleProjectDirectory=C:\Users\Tomica\eclipse-workspaces\mojeJavaDZ\hw15-0036509087 
java_command: org.codehaus.plexus.classworlds.launcher.Launcher jetty:run
java_class_path (initial): C:\Maven\apache-maven-3.6.0\bin\..\boot\plexus-classworlds-2.5.2.jar
Launcher Type: SUN_STANDARD

[Global flags]
     intx CICompilerCount                          = 3                                         {product} {ergonomic}
     uint ConcGCThreads                            = 1                                         {product} {ergonomic}
     uint G1ConcRefinementThreads                  = 4                                         {product} {ergonomic}
   size_t G1HeapRegionSize                         = 1048576                                   {product} {ergonomic}
    uintx GCDrainStackTargetSize                   = 64                                        {product} {ergonomic}
   size_t InitialHeapSize                          = 67108864                                  {product} {ergonomic}
   size_t MarkStackSize                            = 4194304                                   {product} {ergonomic}
   size_t MaxHeapSize                              = 1044381696                                {product} {ergonomic}
   size_t MaxNewSize                               = 625999872                                 {product} {ergonomic}
   size_t MinHeapDeltaBytes                        = 1048576                                   {product} {ergonomic}
    uintx NonNMethodCodeHeapSize                   = 5830092                                {pd product} {ergonomic}
    uintx NonProfiledCodeHeapSize                  = 122914074                              {pd product} {ergonomic}
    uintx ProfiledCodeHeapSize                     = 122914074                              {pd product} {ergonomic}
    uintx ReservedCodeCacheSize                    = 251658240                              {pd product} {ergonomic}
     bool SegmentedCodeCache                       = true                                      {product} {ergonomic}
     bool UseCompressedClassPointers               = true                                 {lp64_product} {ergonomic}
     bool UseCompressedOops                        = true                                 {lp64_product} {ergonomic}
     bool UseG1GC                                  = true                                      {product} {ergonomic}
     bool UseLargePagesIndividualAllocation        = false                                  {pd product} {ergonomic}

Logging:
Log output configuration:
 #0: stdout all=warning uptime,level,tags
 #1: stderr all=off uptime,level,tags

Environment Variables:
JAVA_HOME=C:\Program Files (x86)\Java\jdk-11.0.2
PATH=C:\Program Files (x86)\Java\jdk-11.0.2\bin;C:\Program Files (x86)\Common Files\Oracle\Java\javapath;C:\ProgramData\Oracle\Java\javapath;C:\Program Files (x86)\Lenovo\FusionEngine;C:\Program Files (x86)\Intel\TXE Components\TCS\;C:\Program Files\Intel\TXE Components\TCS\;C:\WINDOWS\system32;C:\WINDOWS;C:\WINDOWS\System32\Wbem;C:\WINDOWS\System32\WindowsPowerShell\v1.0\;C:\Program Files\Intel\WiFi\bin\;C:\Program Files\Common Files\Intel\WirelessCommon\;C:\Program Files (x86)\Common Files\lenovo\easyplussdk\bin;C:\Program Files (x86)\QuickTime\QTSystem\;C:\MinGW\bin\;C:\Program Files (x86)\Notepad++;C:\Program Files (x86)\Windows Live\Shared;C:\Program Files\dotnet\;C:\WINDOWS\System32\OpenSSH\;C:\Program Files\Git\cmd;C:\Maven\apache-maven-3.6.0\bin;
USERNAME=Tomica
OS=Windows_NT
PROCESSOR_IDENTIFIER=Intel64 Family 6 Model 55 Stepping 8, GenuineIntel



---------------  S Y S T E M  ---------------

OS: Windows 10 , 64 bit Build 17134 (10.0.17134.753)

CPU:total 4 (initial active 4) (4 cores per cpu, 1 threads per core) family 6 model 55 stepping 8, cmov, cx8, fxsr, mmx, sse, sse2, sse3, ssse3, sse4.1, sse4.2, popcnt, clmul, erms, 3dnowpref, tsc, tscinvbit

Memory: 4k page, system-wide physical 3979M (326M free)
TotalPageFile size 5372M (AvailPageFile size 26M)
current process WorkingSet (physical memory assigned to process): 298M, peak: 298M
current process commit charge ("private bytes"): 331M, peak: 360M

vm_info: OpenJDK 64-Bit Server VM (11.0.2+9) for windows-amd64 JRE (11.0.2+9), built on Jan 18 2019 05:23:22 by "mach5one" with MS VC++ 15.5 (VS2017)

END.
